2018/04/27 17:34:44 [error] 485#485: *72 FastCGI sent in stderr: "PHP message: An Error occurred while handling another error:
yii\web\HeadersAlreadySentException: Headers already sent in /home/alexandr/Development/public_html/aio/controllers/PostController.php on line 202. in /home/alexandr/Development/public_html/aio/vendor/yiisoft/yii2/web/Response.php:366
Stack trace:
#0 /home/alexandr/Development/public_html/aio/vendor/yiisoft/yii2/web/Response.php(339): yii\web\Response->sendHeaders()
#1 /home/alexandr/Development/public_html/aio/vendor/yiisoft/yii2/web/ErrorHandler.php(135): yii\web\Response->send()
#2 /home/alexandr/Development/public_html/aio/vendor/yiisoft/yii2/base/ErrorHandler.php(111): yii\web\ErrorHandler->renderException(Object(yii\web\HeadersAlreadySentException))
#3 [internal function]: yii\base\ErrorHandler->handleException(Object(yii\web\HeadersAlreadySentException))
#4 {main}
Previous exception:
yii\web\HeadersAl" while reading upstream, client: 127.0.0.1, server: aio, request: "GET /post/generate HTTP/1.1", upstream: "fastcgi://unix:/var/run/php/php7.1-fpm.sock:", host: "aio", referrer: "http://aio/post/index"
2018/04/27 17:34:44 [error] 485#485: *72 FastCGI sent in stderr: "readySentException: Headers already sent in /home/alexandr/Development/public_html/aio/controllers/PostController.php on line 202. in /home/" while reading upstream, client: 127.0.0.1, server: aio, request: "GET /post/generate HTTP/1.1", upstream: "fastcgi://unix:/var/run/php/php7.1-fpm.sock:", host: "aio", referrer: "http://aio/post/index"
2018/04/27 17:36:11 [error] 485#485: *74 FastCGI sent in stderr: "PHP message: An Error occurred while handling another error:
yii\web\HeadersAlreadySentException: Headers already sent in /home/alexandr/Development/public_html/aio/controllers/PostController.php on line 202. in /home/alexandr/Development/public_html/aio/vendor/yiisoft/yii2/web/Response.php:366
Stack trace:
#0 /home/alexandr/Development/public_html/aio/vendor/yiisoft/yii2/web/Response.php(339): yii\web\Response->sendHeaders()
#1 /home/alexandr/Development/public_html/aio/vendor/yiisoft/yii2/web/ErrorHandler.php(135): yii\web\Response->send()
#2 /home/alexandr/Development/public_html/aio/vendor/yiisoft/yii2/base/ErrorHandler.php(111): yii\web\ErrorHandler->renderException(Object(yii\web\HeadersAlreadySentException))
#3 [internal function]: yii\base\ErrorHandler->handleException(Object(yii\web\HeadersAlreadySentException))
#4 {main}
Previous exception:
yii\web\HeadersAlreadySentException: Headers already sent in /home/alexandr/Development/public_html/aio/controllers/PostController.php on line 202. in /home/" while reading upstream, client: 127.0.0.1, server: aio, request: "GET /post/generate HTTP/1.1", upstream: "fastcgi://unix:/var/run/php/php7.1-fpm.sock:", host: "aio", referrer: "http://aio/post/index"
2018/04/27 17:42:37 [error] 485#485: *78 FastCGI sent in stderr: "PHP message: An Error occurred while handling another error:
yii\web\HeadersAlreadySentException: Headers already sent in /home/alexandr/Development/public_html/aio/controllers/PostController.php on line 203. in /home/alexandr/Development/public_html/aio/vendor/yiisoft/yii2/web/Response.php:366
Stack trace:
#0 /home/alexandr/Development/public_html/aio/vendor/yiisoft/yii2/web/Response.php(339): yii\web\Response->sendHeaders()
#1 /home/alexandr/Development/public_html/aio/vendor/yiisoft/yii2/web/ErrorHandler.php(135): yii\web\Response->send()
#2 /home/alexandr/Development/public_html/aio/vendor/yiisoft/yii2/base/ErrorHandler.php(111): yii\web\ErrorHandler->renderException(Object(yii\web\HeadersAlreadySentException))
#3 [internal function]: yii\base\ErrorHandler->handleException(Object(yii\web\HeadersAlreadySentException))
#4 {main}
Previous exception:
yii\web\HeadersAlreadySentException: Headers already sent in /home/alexandr/Development/public_html/aio/controllers/PostController.php on line 203. in /home/" while reading upstream, client: 127.0.0.1, server: aio, request: "GET /post/generate HTTP/1.1", upstream: "fastcgi://unix:/var/run/php/php7.1-fpm.sock:", host: "aio", referrer: "http://aio/post/index"
2018/04/27 18:11:50 [error] 485#485: *83 FastCGI sent in stderr: "PHP message: An Error occurred while handling another error:
yii\web\HeadersAlreadySentException: Headers already sent in /home/alexandr/Development/public_html/aio/controllers/PostController.php on line 199. in /home/alexandr/Development/public_html/aio/vendor/yiisoft/yii2/web/Response.php:366
Stack trace:
#0 /home/alexandr/Development/public_html/aio/vendor/yiisoft/yii2/web/Response.php(339): yii\web\Response->sendHeaders()
#1 /home/alexandr/Development/public_html/aio/vendor/yiisoft/yii2/web/ErrorHandler.php(135): yii\web\Response->send()
#2 /home/alexandr/Development/public_html/aio/vendor/yiisoft/yii2/base/ErrorHandler.php(111): yii\web\ErrorHandler->renderException(Object(yii\web\HeadersAlreadySentException))
#3 [internal function]: yii\base\ErrorHandler->handleException(Object(yii\web\HeadersAlreadySentException))
#4 {main}
Previous exception:
yii\web\HeadersAlreadySentException: Headers already sent in /home/alexandr/Development/public_html/aio/controllers/PostController.php on line 199. in /home/" while reading upstream, client: 127.0.0.1, server: aio, request: "GET /post/generate HTTP/1.1", upstream: "fastcgi://unix:/var/run/php/php7.1-fpm.sock:", host: "aio", referrer: "http://aio/post/index"
2018/04/28 00:20:30 [error] 576#576: *7 FastCGI sent in stderr: "PHP message: PHP Warning:  Uncaught yii\base\ErrorException: Object of class app\models\Author could not be converted to string in /home/alexandr/Development/public_html/aio/controllers/PostController.php:200
Stack trace:
#0 /home/alexandr/Development/public_html/aio/vendor/yiisoft/yii2/base/InlineAction.php(57): app\controllers\PostController->actionGenerate()
#1 /home/alexandr/Development/public_html/aio/vendor/yiisoft/yii2/base/InlineAction.php(57): ::call_user_func_array:{/home/alexandr/Development/public_html/aio/vendor/yiisoft/yii2/base/InlineAction.php:57}()
#2 /home/alexandr/Development/public_html/aio/vendor/yiisoft/yii2/base/Controller.php(157): yii\base\InlineAction->runWithParams()
#3 /home/alexandr/Development/public_html/aio/vendor/yiisoft/yii2/base/Module.php(528): app\controllers\PostController->runAction()
#4 /home/alexandr/Development/public_html/aio/vendor/yiisoft/yii2/web/Application.php(103): yii\web\Application->runAction()
#5 /home/alexandr/Development/public_html/aio/vendor/yiisoft...
PHP message: PHP Stack trace:
PHP message: PHP   1. {main}() /home/alexandr/Development/public_html/aio/web/index.php:0
PHP message: PHP   2. yii\web\Application->run() /home/alexandr/Development/public_html/aio/web/index.php:12
PHP message: PHP   3. yii\web\Application->handleRequest() /home/alexandr/Development/public_html/aio/vendor/yiisoft/yii2/base/Application.php:386
PHP message: PHP   4. yii\web\Application->runAction() /home/alexandr/Development/public_html/aio/vendor/yiisoft/yii2/web/Application.php:103
PHP message: PHP   5. app\controllers\PostController->runAction() /home/alexandr/Development/public_html/aio/vendor/yiisoft/yii2/base/Module.php:528
PHP message: PHP   6. yii\base\InlineAction->runWithParams() /home/alexandr/Development/public_html/aio/vendor/yiisoft/yii2/base/Controller.php:157
PHP message: PHP   7. call_user_func_array:{/home/alexandr/Development/public_html/aio/vendor/yiisoft/yii2/base/InlineAction.php:57}() /home/al
2018/04/28 00:20:30 [error] 576#576: *7 upstream sent too big header while reading response header from upstream, client: 127.0.0.1, server: aio, request: "GET /post/generate HTTP/1.1", upstream: "fastcgi://unix:/var/run/php/php7.1-fpm.sock:", host: "aio", referrer: "http://aio/post/index"
2018/04/28 00:20:39 [error] 576#576: *7 FastCGI sent in stderr: "PHP message: PHP Warning:  Uncaught yii\base\ErrorException: Object of class app\models\Author could not be converted to string in /home/alexandr/Development/public_html/aio/controllers/PostController.php:200
Stack trace:
#0 /home/alexandr/Development/public_html/aio/vendor/yiisoft/yii2/base/InlineAction.php(57): app\controllers\PostController->actionGenerate()
#1 /home/alexandr/Development/public_html/aio/vendor/yiisoft/yii2/base/InlineAction.php(57): ::call_user_func_array:{/home/alexandr/Development/public_html/aio/vendor/yiisoft/yii2/base/InlineAction.php:57}()
#2 /home/alexandr/Development/public_html/aio/vendor/yiisoft/yii2/base/Controller.php(157): yii\base\InlineAction->runWithParams()
#3 /home/alexandr/Development/public_html/aio/vendor/yiisoft/yii2/base/Module.php(528): app\controllers\PostController->runAction()
#4 /home/alexandr/Development/public_html/aio/vendor/yiisoft/yii2/web/Application.php(103): yii\web\Application->runAction()
#5 /home/alexandr/Development/public_html/aio/vendor/yiisoft...
PHP message: PHP Stack trace:
PHP message: PHP   1. {main}() /home/alexandr/Development/public_html/aio/web/index.php:0
PHP message: PHP   2. yii\web\Application->run() /home/alexandr/Development/public_html/aio/web/index.php:12
PHP message: PHP   3. yii\web\Application->handleRequest() /home/alexandr/Development/public_html/aio/vendor/yiisoft/yii2/base/Application.php:386
PHP message: PHP   4. yii\web\Application->runAction() /home/alexandr/Development/public_html/aio/vendor/yiisoft/yii2/web/Application.php:103
PHP message: PHP   5. app\controllers\PostController->runAction() /home/alexandr/Development/public_html/aio/vendor/yiisoft/yii2/base/Module.php:528
PHP message: PHP   6. yii\base\InlineAction->runWithParams() /home/alexandr/Development/public_html/aio/vendor/yiisoft/yii2/base/Controller.php:157
PHP message: PHP   7. call_user_func_array:{/home/alexandr/Development/public_html/aio/vendor/yiisoft/yii2/base/InlineAction.php:57}() /home/al
2018/04/28 00:20:39 [error] 576#576: *7 upstream sent too big header while reading response header from upstream, client: 127.0.0.1, server: aio, request: "GET /post/generate HTTP/1.1", upstream: "fastcgi://unix:/var/run/php/php7.1-fpm.sock:", host: "aio", referrer: "http://aio/post/index"
2018/04/28 00:20:59 [error] 576#576: *7 FastCGI sent in stderr: "PHP message: PHP Warning:  Uncaught yii\base\ErrorException: Object of class app\models\Author could not be converted to string in /home/alexandr/Development/public_html/aio/controllers/PostController.php:200
Stack trace:
#0 /home/alexandr/Development/public_html/aio/vendor/yiisoft/yii2/base/InlineAction.php(57): app\controllers\PostController->actionGenerate()
#1 /home/alexandr/Development/public_html/aio/vendor/yiisoft/yii2/base/InlineAction.php(57): ::call_user_func_array:{/home/alexandr/Development/public_html/aio/vendor/yiisoft/yii2/base/InlineAction.php:57}()
#2 /home/alexandr/Development/public_html/aio/vendor/yiisoft/yii2/base/Controller.php(157): yii\base\InlineAction->runWithParams()
#3 /home/alexandr/Development/public_html/aio/vendor/yiisoft/yii2/base/Module.php(528): app\controllers\PostController->runAction()
#4 /home/alexandr/Development/public_html/aio/vendor/yiisoft/yii2/web/Application.php(103): yii\web\Application->runAction()
#5 /home/alexandr/Development/public_html/aio/vendor/yiisoft...
PHP message: PHP Stack trace:
PHP message: PHP   1. {main}() /home/alexandr/Development/public_html/aio/web/index.php:0
PHP message: PHP   2. yii\web\Application->run() /home/alexandr/Development/public_html/aio/web/index.php:12
PHP message: PHP   3. yii\web\Application->handleRequest() /home/alexandr/Development/public_html/aio/vendor/yiisoft/yii2/base/Application.php:386
PHP message: PHP   4. yii\web\Application->runAction() /home/alexandr/Development/public_html/aio/vendor/yiisoft/yii2/web/Application.php:103
PHP message: PHP   5. app\controllers\PostController->runAction() /home/alexandr/Development/public_html/aio/vendor/yiisoft/yii2/base/Module.php:528
PHP message: PHP   6. yii\base\InlineAction->runWithParams() /home/alexandr/Development/public_html/aio/vendor/yiisoft/yii2/base/Controller.php:157
PHP message: PHP   7. call_user_func_array:{/home/alexandr/Development/public_html/aio/vendor/yiisoft/yii2/base/InlineAction.php:57}() /home/al
2018/04/28 00:20:59 [error] 576#576: *7 upstream sent too big header while reading response header from upstream, client: 127.0.0.1, server: aio, request: "GET /post/generate HTTP/1.1", upstream: "fastcgi://unix:/var/run/php/php7.1-fpm.sock:", host: "aio", referrer: "http://aio/post/index"
2018/04/28 00:21:11 [error] 576#576: *7 FastCGI sent in stderr: "PHP message: An Error occurred while handling another error:
yii\web\HeadersAlreadySentException: Headers already sent in /home/alexandr/Development/public_html/aio/controllers/PostController.php on line 200. in /home/alexandr/Development/public_html/aio/vendor/yiisoft/yii2/web/Response.php:366
Stack trace:
#0 /home/alexandr/Development/public_html/aio/vendor/yiisoft/yii2/web/Response.php(339): yii\web\Response->sendHeaders()
#1 /home/alexandr/Development/public_html/aio/vendor/yiisoft/yii2/web/ErrorHandler.php(135): yii\web\Response->send()
#2 /home/alexandr/Development/public_html/aio/vendor/yiisoft/yii2/base/ErrorHandler.php(111): yii\web\ErrorHandler->renderException(Object(yii\web\HeadersAlreadySentException))
#3 [internal function]: yii\base\ErrorHandler->handleException(Object(yii\web\HeadersAlreadySentException))
#4 {main}
Previous exception:
yii\web\HeadersAlreadySentException: Headers already sent in /home/alexandr/Development/public_html/aio/controllers/PostController.php on line 200. in /home/" while reading upstream, client: 127.0.0.1, server: aio, request: "GET /post/generate HTTP/1.1", upstream: "fastcgi://unix:/var/run/php/php7.1-fpm.sock:", host: "aio", referrer: "http://aio/post/index"
2018/04/28 00:22:30 [error] 576#576: *14 FastCGI sent in stderr: "PHP message: PHP Warning:  Uncaught yii\base\ErrorException: Object of class app\models\Author could not be converted to string in /home/alexandr/Development/public_html/aio/controllers/PostController.php:200
Stack trace:
#0 /home/alexandr/Development/public_html/aio/vendor/yiisoft/yii2/base/InlineAction.php(57): app\controllers\PostController->actionGenerate()
#1 /home/alexandr/Development/public_html/aio/vendor/yiisoft/yii2/base/InlineAction.php(57): ::call_user_func_array:{/home/alexandr/Development/public_html/aio/vendor/yiisoft/yii2/base/InlineAction.php:57}()
#2 /home/alexandr/Development/public_html/aio/vendor/yiisoft/yii2/base/Controller.php(157): yii\base\InlineAction->runWithParams()
#3 /home/alexandr/Development/public_html/aio/vendor/yiisoft/yii2/base/Module.php(528): app\controllers\PostController->runAction()
#4 /home/alexandr/Development/public_html/aio/vendor/yiisoft/yii2/web/Application.php(103): yii\web\Application->runAction()
#5 /home/alexandr/Development/public_html/aio/vendor/yiisoft...
PHP message: PHP Stack trace:
PHP message: PHP   1. {main}() /home/alexandr/Development/public_html/aio/web/index.php:0
PHP message: PHP   2. yii\web\Application->run() /home/alexandr/Development/public_html/aio/web/index.php:12
PHP message: PHP   3. yii\web\Application->handleRequest() /home/alexandr/Development/public_html/aio/vendor/yiisoft/yii2/base/Application.php:386
PHP message: PHP   4. yii\web\Application->runAction() /home/alexandr/Development/public_html/aio/vendor/yiisoft/yii2/web/Application.php:103
PHP message: PHP   5. app\controllers\PostController->runAction() /home/alexandr/Development/public_html/aio/vendor/yiisoft/yii2/base/Module.php:528
PHP message: PHP   6. yii\base\InlineAction->runWithParams() /home/alexandr/Development/public_html/aio/vendor/yiisoft/yii2/base/Controller.php:157
PHP message: PHP   7. call_user_func_array:{/home/alexandr/Development/public_html/aio/vendor/yiisoft/yii2/base/InlineAction.php:57}() /home/a
2018/04/28 00:22:30 [error] 576#576: *14 upstream sent too big header while reading response header from upstream, client: 127.0.0.1, server: aio, request: "GET /post/generate HTTP/1.1", upstream: "fastcgi://unix:/var/run/php/php7.1-fpm.sock:", host: "aio", referrer: "http://aio/post/index"
2018/04/28 00:25:00 [error] 576#576: *16 FastCGI sent in stderr: "PHP message: PHP Warning:  Uncaught yii\base\ErrorException: Object of class app\models\Author could not be converted to string in /home/alexandr/Development/public_html/aio/controllers/PostController.php:200
Stack trace:
#0 /home/alexandr/Development/public_html/aio/vendor/yiisoft/yii2/base/InlineAction.php(57): app\controllers\PostController->actionGenerate()
#1 /home/alexandr/Development/public_html/aio/vendor/yiisoft/yii2/base/InlineAction.php(57): ::call_user_func_array:{/home/alexandr/Development/public_html/aio/vendor/yiisoft/yii2/base/InlineAction.php:57}()
#2 /home/alexandr/Development/public_html/aio/vendor/yiisoft/yii2/base/Controller.php(157): yii\base\InlineAction->runWithParams()
#3 /home/alexandr/Development/public_html/aio/vendor/yiisoft/yii2/base/Module.php(528): app\controllers\PostController->runAction()
#4 /home/alexandr/Development/public_html/aio/vendor/yiisoft/yii2/web/Application.php(103): yii\web\Application->runAction()
#5 /home/alexandr/Development/public_html/aio/vendor/yiisoft...
PHP message: PHP Stack trace:
PHP message: PHP   1. {main}() /home/alexandr/Development/public_html/aio/web/index.php:0
PHP message: PHP   2. yii\web\Application->run() /home/alexandr/Development/public_html/aio/web/index.php:12
PHP message: PHP   3. yii\web\Application->handleRequest() /home/alexandr/Development/public_html/aio/vendor/yiisoft/yii2/base/Application.php:386
PHP message: PHP   4. yii\web\Application->runAction() /home/alexandr/Development/public_html/aio/vendor/yiisoft/yii2/web/Application.php:103
PHP message: PHP   5. app\controllers\PostController->runAction() /home/alexandr/Development/public_html/aio/vendor/yiisoft/yii2/base/Module.php:528
PHP message: PHP   6. yii\base\InlineAction->runWithParams() /home/alexandr/Development/public_html/aio/vendor/yiisoft/yii2/base/Controller.php:157
PHP message: PHP   7. call_user_func_array:{/home/alexandr/Development/public_html/aio/vendor/yiisoft/yii2/base/InlineAction.php:57}() /home/a
2018/04/28 00:25:00 [error] 576#576: *16 upstream sent too big header while reading response header from upstream, client: 127.0.0.1, server: aio, request: "GET /post/generate HTTP/1.1", upstream: "fastcgi://unix:/var/run/php/php7.1-fpm.sock:", host: "aio", referrer: "http://aio/post/index"
2018/04/28 00:25:07 [error] 576#576: *16 FastCGI sent in stderr: "PHP message: PHP Warning:  Uncaught yii\base\ErrorException: Object of class app\models\Author could not be converted to string in /home/alexandr/Development/public_html/aio/controllers/PostController.php:200
Stack trace:
#0 /home/alexandr/Development/public_html/aio/vendor/yiisoft/yii2/base/InlineAction.php(57): app\controllers\PostController->actionGenerate()
#1 /home/alexandr/Development/public_html/aio/vendor/yiisoft/yii2/base/InlineAction.php(57): ::call_user_func_array:{/home/alexandr/Development/public_html/aio/vendor/yiisoft/yii2/base/InlineAction.php:57}()
#2 /home/alexandr/Development/public_html/aio/vendor/yiisoft/yii2/base/Controller.php(157): yii\base\InlineAction->runWithParams()
#3 /home/alexandr/Development/public_html/aio/vendor/yiisoft/yii2/base/Module.php(528): app\controllers\PostController->runAction()
#4 /home/alexandr/Development/public_html/aio/vendor/yiisoft/yii2/web/Application.php(103): yii\web\Application->runAction()
#5 /home/alexandr/Development/public_html/aio/vendor/yiisoft...
PHP message: PHP Stack trace:
PHP message: PHP   1. {main}() /home/alexandr/Development/public_html/aio/web/index.php:0
PHP message: PHP   2. yii\web\Application->run() /home/alexandr/Development/public_html/aio/web/index.php:12
PHP message: PHP   3. yii\web\Application->handleRequest() /home/alexandr/Development/public_html/aio/vendor/yiisoft/yii2/base/Application.php:386
PHP message: PHP   4. yii\web\Application->runAction() /home/alexandr/Development/public_html/aio/vendor/yiisoft/yii2/web/Application.php:103
PHP message: PHP   5. app\controllers\PostController->runAction() /home/alexandr/Development/public_html/aio/vendor/yiisoft/yii2/base/Module.php:528
PHP message: PHP   6. yii\base\InlineAction->runWithParams() /home/alexandr/Development/public_html/aio/vendor/yiisoft/yii2/base/Controller.php:157
PHP message: PHP   7. call_user_func_array:{/home/alexandr/Development/public_html/aio/vendor/yiisoft/yii2/base/InlineAction.php:57}() /home/a
2018/04/28 00:25:07 [error] 576#576: *16 upstream sent too big header while reading response header from upstream, client: 127.0.0.1, server: aio, request: "GET /post/generate HTTP/1.1", upstream: "fastcgi://unix:/var/run/php/php7.1-fpm.sock:", host: "aio", referrer: "http://aio/post/index"
2018/04/28 00:26:37 [error] 576#576: *20 FastCGI sent in stderr: "PHP message: PHP Warning:  Uncaught yii\base\ErrorException: Object of class app\models\Author could not be converted to string in /home/alexandr/Development/public_html/aio/controllers/PostController.php:200
Stack trace:
#0 /home/alexandr/Development/public_html/aio/vendor/yiisoft/yii2/base/InlineAction.php(57): app\controllers\PostController->actionGenerate()
#1 /home/alexandr/Development/public_html/aio/vendor/yiisoft/yii2/base/InlineAction.php(57): ::call_user_func_array:{/home/alexandr/Development/public_html/aio/vendor/yiisoft/yii2/base/InlineAction.php:57}()
#2 /home/alexandr/Development/public_html/aio/vendor/yiisoft/yii2/base/Controller.php(157): yii\base\InlineAction->runWithParams()
#3 /home/alexandr/Development/public_html/aio/vendor/yiisoft/yii2/base/Module.php(528): app\controllers\PostController->runAction()
#4 /home/alexandr/Development/public_html/aio/vendor/yiisoft/yii2/web/Application.php(103): yii\web\Application->runAction()
#5 /home/alexandr/Development/public_html/aio/vendor/yiisoft...
PHP message: PHP Stack trace:
PHP message: PHP   1. {main}() /home/alexandr/Development/public_html/aio/web/index.php:0
PHP message: PHP   2. yii\web\Application->run() /home/alexandr/Development/public_html/aio/web/index.php:12
PHP message: PHP   3. yii\web\Application->handleRequest() /home/alexandr/Development/public_html/aio/vendor/yiisoft/yii2/base/Application.php:386
PHP message: PHP   4. yii\web\Application->runAction() /home/alexandr/Development/public_html/aio/vendor/yiisoft/yii2/web/Application.php:103
PHP message: PHP   5. app\controllers\PostController->runAction() /home/alexandr/Development/public_html/aio/vendor/yiisoft/yii2/base/Module.php:528
PHP message: PHP   6. yii\base\InlineAction->runWithParams() /home/alexandr/Development/public_html/aio/vendor/yiisoft/yii2/base/Controller.php:157
PHP message: PHP   7. call_user_func_array:{/home/alexandr/Development/public_html/aio/vendor/yiisoft/yii2/base/InlineAction.php:57}() /home/a
2018/04/28 00:26:37 [error] 576#576: *20 upstream sent too big header while reading response header from upstream, client: 127.0.0.1, server: aio, request: "GET /post/generate HTTP/1.1", upstream: "fastcgi://unix:/var/run/php/php7.1-fpm.sock:", host: "aio", referrer: "http://aio/post/index"
2018/04/28 00:27:50 [error] 576#576: *22 FastCGI sent in stderr: "PHP message: PHP Warning:  Uncaught yii\base\ErrorException: Object of class app\models\Author could not be converted to string in /home/alexandr/Development/public_html/aio/controllers/PostController.php:200
Stack trace:
#0 /home/alexandr/Development/public_html/aio/vendor/yiisoft/yii2/base/InlineAction.php(57): app\controllers\PostController->actionGenerate()
#1 /home/alexandr/Development/public_html/aio/vendor/yiisoft/yii2/base/InlineAction.php(57): ::call_user_func_array:{/home/alexandr/Development/public_html/aio/vendor/yiisoft/yii2/base/InlineAction.php:57}()
#2 /home/alexandr/Development/public_html/aio/vendor/yiisoft/yii2/base/Controller.php(157): yii\base\InlineAction->runWithParams()
#3 /home/alexandr/Development/public_html/aio/vendor/yiisoft/yii2/base/Module.php(528): app\controllers\PostController->runAction()
#4 /home/alexandr/Development/public_html/aio/vendor/yiisoft/yii2/web/Application.php(103): yii\web\Application->runAction()
#5 /home/alexandr/Development/public_html/aio/vendor/yiisoft...
PHP message: PHP Stack trace:
PHP message: PHP   1. {main}() /home/alexandr/Development/public_html/aio/web/index.php:0
PHP message: PHP   2. yii\web\Application->run() /home/alexandr/Development/public_html/aio/web/index.php:12
PHP message: PHP   3. yii\web\Application->handleRequest() /home/alexandr/Development/public_html/aio/vendor/yiisoft/yii2/base/Application.php:386
PHP message: PHP   4. yii\web\Application->runAction() /home/alexandr/Development/public_html/aio/vendor/yiisoft/yii2/web/Application.php:103
PHP message: PHP   5. app\controllers\PostController->runAction() /home/alexandr/Development/public_html/aio/vendor/yiisoft/yii2/base/Module.php:528
PHP message: PHP   6. yii\base\InlineAction->runWithParams() /home/alexandr/Development/public_html/aio/vendor/yiisoft/yii2/base/Controller.php:157
PHP message: PHP   7. call_user_func_array:{/home/alexandr/Development/public_html/aio/vendor/yiisoft/yii2/base/InlineAction.php:57}() /home/a
2018/04/28 00:27:50 [error] 576#576: *22 upstream sent too big header while reading response header from upstream, client: 127.0.0.1, server: aio, request: "GET /post/generate HTTP/1.1", upstream: "fastcgi://unix:/var/run/php/php7.1-fpm.sock:", host: "aio", referrer: "http://aio/post/index"
2018/04/28 00:31:21 [error] 576#576: *24 FastCGI sent in stderr: "PHP message: PHP Warning:  Uncaught yii\base\ErrorException: Object of class app\models\Author could not be converted to string in /home/alexandr/Development/public_html/aio/controllers/PostController.php:200
Stack trace:
#0 /home/alexandr/Development/public_html/aio/vendor/yiisoft/yii2/base/InlineAction.php(57): app\controllers\PostController->actionGenerate()
#1 /home/alexandr/Development/public_html/aio/vendor/yiisoft/yii2/base/InlineAction.php(57): ::call_user_func_array:{/home/alexandr/Development/public_html/aio/vendor/yiisoft/yii2/base/InlineAction.php:57}()
#2 /home/alexandr/Development/public_html/aio/vendor/yiisoft/yii2/base/Controller.php(157): yii\base\InlineAction->runWithParams()
#3 /home/alexandr/Development/public_html/aio/vendor/yiisoft/yii2/base/Module.php(528): app\controllers\PostController->runAction()
#4 /home/alexandr/Development/public_html/aio/vendor/yiisoft/yii2/web/Application.php(103): yii\web\Application->runAction()
#5 /home/alexandr/Development/public_html/aio/vendor/yiisoft...
PHP message: PHP Stack trace:
PHP message: PHP   1. {main}() /home/alexandr/Development/public_html/aio/web/index.php:0
PHP message: PHP   2. yii\web\Application->run() /home/alexandr/Development/public_html/aio/web/index.php:12
PHP message: PHP   3. yii\web\Application->handleRequest() /home/alexandr/Development/public_html/aio/vendor/yiisoft/yii2/base/Application.php:386
PHP message: PHP   4. yii\web\Application->runAction() /home/alexandr/Development/public_html/aio/vendor/yiisoft/yii2/web/Application.php:103
PHP message: PHP   5. app\controllers\PostController->runAction() /home/alexandr/Development/public_html/aio/vendor/yiisoft/yii2/base/Module.php:528
PHP message: PHP   6. yii\base\InlineAction->runWithParams() /home/alexandr/Development/public_html/aio/vendor/yiisoft/yii2/base/Controller.php:157
PHP message: PHP   7. call_user_func_array:{/home/alexandr/Development/public_html/aio/vendor/yiisoft/yii2/base/InlineAction.php:57}() /home/a
2018/04/28 00:31:21 [error] 576#576: *24 upstream sent too big header while reading response header from upstream, client: 127.0.0.1, server: aio, request: "GET /post/generate HTTP/1.1", upstream: "fastcgi://unix:/var/run/php/php7.1-fpm.sock:", host: "aio", referrer: "http://aio/post/index"
2018/04/28 00:31:36 [error] 576#576: *24 FastCGI sent in stderr: "PHP message: PHP Warning:  Uncaught yii\base\ErrorException: Object of class app\models\Author could not be converted to string in /home/alexandr/Development/public_html/aio/controllers/PostController.php:200
Stack trace:
#0 /home/alexandr/Development/public_html/aio/vendor/yiisoft/yii2/base/InlineAction.php(57): app\controllers\PostController->actionGenerate()
#1 /home/alexandr/Development/public_html/aio/vendor/yiisoft/yii2/base/InlineAction.php(57): ::call_user_func_array:{/home/alexandr/Development/public_html/aio/vendor/yiisoft/yii2/base/InlineAction.php:57}()
#2 /home/alexandr/Development/public_html/aio/vendor/yiisoft/yii2/base/Controller.php(157): yii\base\InlineAction->runWithParams()
#3 /home/alexandr/Development/public_html/aio/vendor/yiisoft/yii2/base/Module.php(528): app\controllers\PostController->runAction()
#4 /home/alexandr/Development/public_html/aio/vendor/yiisoft/yii2/web/Application.php(103): yii\web\Application->runAction()
#5 /home/alexandr/Development/public_html/aio/vendor/yiisoft...
PHP message: PHP Stack trace:
PHP message: PHP   1. {main}() /home/alexandr/Development/public_html/aio/web/index.php:0
PHP message: PHP   2. yii\web\Application->run() /home/alexandr/Development/public_html/aio/web/index.php:12
PHP message: PHP   3. yii\web\Application->handleRequest() /home/alexandr/Development/public_html/aio/vendor/yiisoft/yii2/base/Application.php:386
PHP message: PHP   4. yii\web\Application->runAction() /home/alexandr/Development/public_html/aio/vendor/yiisoft/yii2/web/Application.php:103
PHP message: PHP   5. app\controllers\PostController->runAction() /home/alexandr/Development/public_html/aio/vendor/yiisoft/yii2/base/Module.php:528
PHP message: PHP   6. yii\base\InlineAction->runWithParams() /home/alexandr/Development/public_html/aio/vendor/yiisoft/yii2/base/Controller.php:157
PHP message: PHP   7. call_user_func_array:{/home/alexandr/Development/public_html/aio/vendor/yiisoft/yii2/base/InlineAction.php:57}() /home/a
2018/04/28 00:31:36 [error] 576#576: *24 upstream sent too big header while reading response header from upstream, client: 127.0.0.1, server: aio, request: "GET /post/generate HTTP/1.1", upstream: "fastcgi://unix:/var/run/php/php7.1-fpm.sock:", host: "aio", referrer: "http://aio/post/index"
2018/04/28 00:33:48 [error] 576#576: *27 FastCGI sent in stderr: "PHP message: PHP Warning:  Uncaught yii\base\ErrorException: Object of class app\models\Author could not be converted to string in /home/alexandr/Development/public_html/aio/controllers/PostController.php:200
Stack trace:
#0 /home/alexandr/Development/public_html/aio/vendor/yiisoft/yii2/base/InlineAction.php(57): app\controllers\PostController->actionGenerate()
#1 /home/alexandr/Development/public_html/aio/vendor/yiisoft/yii2/base/InlineAction.php(57): ::call_user_func_array:{/home/alexandr/Development/public_html/aio/vendor/yiisoft/yii2/base/InlineAction.php:57}()
#2 /home/alexandr/Development/public_html/aio/vendor/yiisoft/yii2/base/Controller.php(157): yii\base\InlineAction->runWithParams()
#3 /home/alexandr/Development/public_html/aio/vendor/yiisoft/yii2/base/Module.php(528): app\controllers\PostController->runAction()
#4 /home/alexandr/Development/public_html/aio/vendor/yiisoft/yii2/web/Application.php(103): yii\web\Application->runAction()
#5 /home/alexandr/Development/public_html/aio/vendor/yiisoft...
PHP message: PHP Stack trace:
PHP message: PHP   1. {main}() /home/alexandr/Development/public_html/aio/web/index.php:0
PHP message: PHP   2. yii\web\Application->run() /home/alexandr/Development/public_html/aio/web/index.php:12
PHP message: PHP   3. yii\web\Application->handleRequest() /home/alexandr/Development/public_html/aio/vendor/yiisoft/yii2/base/Application.php:386
PHP message: PHP   4. yii\web\Application->runAction() /home/alexandr/Development/public_html/aio/vendor/yiisoft/yii2/web/Application.php:103
PHP message: PHP   5. app\controllers\PostController->runAction() /home/alexandr/Development/public_html/aio/vendor/yiisoft/yii2/base/Module.php:528
PHP message: PHP   6. yii\base\InlineAction->runWithParams() /home/alexandr/Development/public_html/aio/vendor/yiisoft/yii2/base/Controller.php:157
PHP message: PHP   7. call_user_func_array:{/home/alexandr/Development/public_html/aio/vendor/yiisoft/yii2/base/InlineAction.php:57}() /home/a
2018/04/28 00:33:48 [error] 576#576: *27 upstream sent too big header while reading response header from upstream, client: 127.0.0.1, server: aio, request: "GET /post/generate HTTP/1.1", upstream: "fastcgi://unix:/var/run/php/php7.1-fpm.sock:", host: "aio", referrer: "http://aio/post/index"
2018/04/28 00:35:56 [error] 576#576: *29 FastCGI sent in stderr: "PHP message: An Error occurred while handling another error:
yii\web\HeadersAlreadySentException: Headers already sent in /home/alexandr/Development/public_html/aio/controllers/PostController.php on line 200. in /home/alexandr/Development/public_html/aio/vendor/yiisoft/yii2/web/Response.php:366
Stack trace:
#0 /home/alexandr/Development/public_html/aio/vendor/yiisoft/yii2/web/Response.php(339): yii\web\Response->sendHeaders()
#1 /home/alexandr/Development/public_html/aio/vendor/yiisoft/yii2/web/ErrorHandler.php(135): yii\web\Response->send()
#2 /home/alexandr/Development/public_html/aio/vendor/yiisoft/yii2/base/ErrorHandler.php(111): yii\web\ErrorHandler->renderException(Object(yii\web\HeadersAlreadySentException))
#3 [internal function]: yii\base\ErrorHandler->handleException(Object(yii\web\HeadersAlreadySentException))
#4 {main}
Previous exception:
yii\web\HeadersAlreadySentException: Headers already sent in /home/alexandr/Development/public_html/aio/controllers/PostController.php on line 200. in /home/" while reading upstream, client: 127.0.0.1, server: aio, request: "GET /post/generate HTTP/1.1", upstream: "fastcgi://unix:/var/run/php/php7.1-fpm.sock:", host: "aio", referrer: "http://aio/post/index"
2018/04/28 00:44:28 [error] 576#576: *36 FastCGI sent in stderr: "PHP message: An Error occurred while handling another error:
yii\web\HeadersAlreadySentException: Headers already sent in /home/alexandr/Development/public_html/aio/controllers/PostController.php on line 207. in /home/alexandr/Development/public_html/aio/vendor/yiisoft/yii2/web/Response.php:366
Stack trace:
#0 /home/alexandr/Development/public_html/aio/vendor/yiisoft/yii2/web/Response.php(339): yii\web\Response->sendHeaders()
#1 /home/alexandr/Development/public_html/aio/vendor/yiisoft/yii2/web/ErrorHandler.php(135): yii\web\Response->send()
#2 /home/alexandr/Development/public_html/aio/vendor/yiisoft/yii2/base/ErrorHandler.php(111): yii\web\ErrorHandler->renderException(Object(yii\web\HeadersAlreadySentException))
#3 [internal function]: yii\base\ErrorHandler->handleException(Object(yii\web\HeadersAlreadySentException))
#4 {main}
Previous exception:
yii\web\HeadersAlreadySentException: Headers already sent in /home/alexandr/Development/public_html/aio/controllers/PostController.php on line 207. in /home/" while reading upstream, client: 127.0.0.1, server: aio, request: "GET /post/generate HTTP/1.1", upstream: "fastcgi://unix:/var/run/php/php7.1-fpm.sock:", host: "aio", referrer: "http://aio/post/index"
2018/04/28 00:46:16 [error] 576#576: *36 FastCGI sent in stderr: "PHP message: An Error occurred while handling another error:
yii\web\HeadersAlreadySentException: Headers already sent in /home/alexandr/Development/public_html/aio/controllers/PostController.php on line 206. in /home/alexandr/Development/public_html/aio/vendor/yiisoft/yii2/web/Response.php:366
Stack trace:
#0 /home/alexandr/Development/public_html/aio/vendor/yiisoft/yii2/web/Response.php(339): yii\web\Response->sendHeaders()
#1 /home/alexandr/Development/public_html/aio/vendor/yiisoft/yii2/web/ErrorHandler.php(135): yii\web\Response->send()
#2 /home/alexandr/Development/public_html/aio/vendor/yiisoft/yii2/base/ErrorHandler.php(111): yii\web\ErrorHandler->renderException(Object(yii\web\HeadersAlreadySentException))
#3 [internal function]: yii\base\ErrorHandler->handleException(Object(yii\web\HeadersAlreadySentException))
#4 {main}
Previous exception:
yii\web\HeadersAlreadySentException: Headers already sent in /home/alexandr/Development/public_html/aio/controllers/PostController.php on line 206. in /home/" while reading upstream, client: 127.0.0.1, server: aio, request: "GET /post/generate HTTP/1.1", upstream: "fastcgi://unix:/var/run/php/php7.1-fpm.sock:", host: "aio", referrer: "http://aio/post/index"
2018/04/28 00:49:22 [error] 576#576: *48 FastCGI sent in stderr: "PHP message: An Error occurred while handling another error:
yii\web\HeadersAlre" while reading upstream, client: 127.0.0.1, server: aio, request: "GET /post/generate HTTP/1.1", upstream: "fastcgi://unix:/var/run/php/php7.1-fpm.sock:", host: "aio", referrer: "http://aio/post/index"
2018/04/28 00:49:22 [error] 576#576: *48 FastCGI sent in stderr: "adySentException: Headers already sent in /home/alexandr/Development/public_html/aio/controllers/PostController.php on line 204. in /home/alexandr/Development/public_html/aio/vendor/yiisoft/yii2/web/Response.php:366
Stack trace:
#0 /home/alexandr/Development/public_html/aio/vendor/yiisoft/yii2/web/Response.php(339): yii\web\Response->sendHeaders()
#1 /home/alexandr/Development/public_html/aio/vendor/yiisoft/yii2/web/ErrorHandler.php(135): yii\web\Response->send()
#2 /home/alexandr/Development/public_html/aio/vendor/yiisoft/yii2/base/ErrorHandler.php(111): yii\web\ErrorHandler->renderException(Object(yii\web\HeadersAlreadySentException))
#3 [internal function]: yii\base\ErrorHandler->handleException(Object(yii\web\HeadersAlreadySentException))
#4 {main}
Previous exception:
yii\web\HeadersAlreadySentException: Headers already sent in /home/alexandr/Development/public_html/aio/controllers/PostController.php on line 204. in /home/" while reading upstream, client: 127.0.0.1, server: aio, request: "GET /post/generate HTTP/1.1", upstream: "fastcgi://unix:/var/run/php/php7.1-fpm.sock:", host: "aio", referrer: "http://aio/post/index"
2018/04/28 00:49:51 [error] 576#576: *48 FastCGI sent in stderr: "PHP message: PHP Warning:  Uncaught yii\base\ErrorException: Object of class app\models\Author could not be converted to string in /home/alexandr/Development/public_html/aio/controllers/PostController.php:204
Stack trace:
#0 /home/alexandr/Development/public_html/aio/vendor/yiisoft/yii2/base/InlineAction.php(57): app\controllers\PostController->actionGenerate()
#1 /home/alexandr/Development/public_html/aio/vendor/yiisoft/yii2/base/InlineAction.php(57): ::call_user_func_array:{/home/alexandr/Development/public_html/aio/vendor/yiisoft/yii2/base/InlineAction.php:57}()
#2 /home/alexandr/Development/public_html/aio/vendor/yiisoft/yii2/base/Controller.php(157): yii\base\InlineAction->runWithParams()
#3 /home/alexandr/Development/public_html/aio/vendor/yiisoft/yii2/base/Module.php(528): app\controllers\PostController->runAction()
#4 /home/alexandr/Development/public_html/aio/vendor/yiisoft/yii2/web/Application.php(103): yii\web\Application->runAction()
#5 /home/alexandr/Development/public_html/aio/vendor/yiisoft...
PHP message: PHP Stack trace:
PHP message: PHP   1. {main}() /home/alexandr/Development/public_html/aio/web/index.php:0
PHP message: PHP   2. yii\web\Application->run() /home/alexandr/Development/public_html/aio/web/index.php:12
PHP message: PHP   3. yii\web\Application->handleRequest() /home/alexandr/Development/public_html/aio/vendor/yiisoft/yii2/base/Application.php:386
PHP message: PHP   4. yii\web\Application->runAction() /home/alexandr/Development/public_html/aio/vendor/yiisoft/yii2/web/Application.php:103
PHP message: PHP   5. app\controllers\PostController->runAction() /home/alexandr/Development/public_html/aio/vendor/yiisoft/yii2/base/Module.php:528
PHP message: PHP   6. yii\base\InlineAction->runWithParams() /home/alexandr/Development/public_html/aio/vendor/yiisoft/yii2/base/Controller.php:157
PHP message: PHP   7. call_user_func_array:{/home/alexandr/Development/public_html/aio/vendor/yiisoft/yii2/base/InlineAction.php:57}() /home/a
2018/04/28 00:49:51 [error] 576#576: *48 upstream sent too big header while reading response header from upstream, client: 127.0.0.1, server: aio, request: "GET /post/generate HTTP/1.1", upstream: "fastcgi://unix:/var/run/php/php7.1-fpm.sock:", host: "aio", referrer: "http://aio/post/index"
2018/04/28 00:50:12 [error] 576#576: *48 FastCGI sent in stderr: "PHP message: An Error occurred while handling another error:
yii\web\HeadersAlre" while reading upstream, client: 127.0.0.1, server: aio, request: "GET /post/generate HTTP/1.1", upstream: "fastcgi://unix:/var/run/php/php7.1-fpm.sock:", host: "aio", referrer: "http://aio/post/index"
2018/04/28 00:50:12 [error] 576#576: *48 FastCGI sent in stderr: "adySentException: Headers already sent in /home/alexandr/Development/public_html/aio/controllers/PostController.php on line 204. in /home/alexandr/Development/public_html/aio/vendor/yiisoft/yii2/web/Response.php:366
Stack trace:
#0 /home/alexandr/Development/public_html/aio/vendor/yiisoft/yii2/web/Response.php(339): yii\web\Response->sendHeaders()
#1 /home/alexandr/Development/public_html/aio/vendor/yiisoft/yii2/web/ErrorHandler.php(135): yii\web\Response->send()
#2 /home/alexandr/Development/public_html/aio/vendor/yiisoft/yii2/base/ErrorHandler.php(111): yii\web\ErrorHandler->renderException(Object(yii\web\HeadersAlreadySentException))
#3 [internal function]: yii\base\ErrorHandler->handleException(Object(yii\web\HeadersAlreadySentException))
#4 {main}
Previous exception:
yii\web\HeadersAlreadySentException: Headers already sent in /home/alexandr/Development/public_html/aio/controllers/PostController.php on line 204. in /home/" while reading upstream, client: 127.0.0.1, server: aio, request: "GET /post/generate HTTP/1.1", upstream: "fastcgi://unix:/var/run/php/php7.1-fpm.sock:", host: "aio", referrer: "http://aio/post/index"
2018/04/28 00:50:56 [error] 576#576: *48 FastCGI sent in stderr: "PHP message: An Error occurred while handling another error:
yii\web\HeadersAlre" while reading upstream, client: 127.0.0.1, server: aio, request: "GET /post/generate HTTP/1.1", upstream: "fastcgi://unix:/var/run/php/php7.1-fpm.sock:", host: "aio", referrer: "http://aio/post/index"
2018/04/28 00:50:56 [error] 576#576: *48 FastCGI sent in stderr: "adySentException: Headers already sent in /home/alexandr/Development/public_html/aio/controllers/PostController.php on line 204. in /home/alexandr/Development/public_html/aio/vendor/yiisoft/yii2/web/Response.php:366
Stack trace:
#0 /home/alexandr/Development/public_html/aio/vendor/yiisoft/yii2/web/Response.php(339): yii\web\Response->sendHeaders()
#1 /home/alexandr/Development/public_html/aio/vendor/yiisoft/yii2/web/ErrorHandler.php(135): yii\web\Response->send()
#2 /home/alexandr/Development/public_html/aio/vendor/yiisoft/yii2/base/ErrorHandler.php(111): yii\web\ErrorHandler->renderException(Object(yii\web\HeadersAlreadySentException))
#3 [internal function]: yii\base\ErrorHandler->handleException(Object(yii\web\HeadersAlreadySentException))
#4 {main}
Previous exception:
yii\web\HeadersAlreadySentException: Headers already sent in /home/alexandr/Development/public_html/aio/controllers/PostController.php on line 204. in /home/" while reading upstream, client: 127.0.0.1, server: aio, request: "GET /post/generate HTTP/1.1", upstream: "fastcgi://unix:/var/run/php/php7.1-fpm.sock:", host: "aio", referrer: "http://aio/post/index"
2018/04/28 00:51:02 [error] 576#576: *48 FastCGI sent in stderr: "PHP message: An Error occurred while handling another error:
yii\web\HeadersAlreadySentException: Headers already sent in /home/alexandr/Development/public_html/aio/controllers/PostController.php on line 206. in /home/alexandr/Development/public_html/aio/vendor/yiisoft/yii2/web/Response.php:366
Stack trace:
#0 /home/alexandr/Development/public_html/aio/vendor/yiisoft/yii2/web/Response.php(339): yii\web\Response->sendHeaders()
#1 /home/alexandr/Development/public_html/aio/vendor/yiisoft/yii2/web/ErrorHandler.php(135): yii\web\Response->send()
#2 /home/alexandr/Development/public_html/aio/vendor/yiisoft/yii2/base/ErrorHandler.php(111): yii\web\ErrorHandler->renderException(Object(yii\web\HeadersAlreadySentException))
#3 [internal function]: yii\base\ErrorHandler->handleException(Object(yii\web\HeadersAlreadySentException))
#4 {main}
Previous exception:
yii\web\HeadersAlreadySentException: Headers already sent in /home/alexandr/Development/public_html/aio/controllers/PostController.php on line 206. in /home/" while reading upstream, client: 127.0.0.1, server: aio, request: "GET /post/generate HTTP/1.1", upstream: "fastcgi://unix:/var/run/php/php7.1-fpm.sock:", host: "aio", referrer: "http://aio/post/index"
2018/04/28 00:57:26 [error] 576#576: *56 FastCGI sent in stderr: "PHP message: An Error occurred while handling another error:
yii\web\HeadersAlreadySentException: Headers already sent in /home/alexandr/Development/public_html/aio/controllers/PostController.php on line 209. in /home/alexandr/Development/public_html/aio/vendor/yiisoft/yii2/web/Response.php:366
Stack trace:
#0 /home/alexandr/Development/public_html/aio/vendor/yiisoft/yii2/web/Response.php(339): yii\web\Response->sendHeaders()
#1 /home/alexandr/Development/public_html/aio/vendor/yiisoft/yii2/web/ErrorHandler.php(135): yii\web\Response->send()
#2 /home/alexandr/Development/public_html/aio/vendor/yiisoft/yii2/base/ErrorHandler.php(111): yii\web\ErrorHandler->renderException(Object(yii\web\HeadersAlreadySentException))
#3 [internal function]: yii\base\ErrorHandler->handleException(Object(yii\web\HeadersAlreadySentException))
#4 {main}
Previous exception:
yii\web\HeadersAlreadySentException: Headers already sent in /home/alexandr/Development/public_html/aio/controllers/PostController.php on line 209. in /home/" while reading upstream, client: 127.0.0.1, server: aio, request: "GET /post/generate HTTP/1.1", upstream: "fastcgi://unix:/var/run/php/php7.1-fpm.sock:", host: "aio", referrer: "http://aio/post/index"
2018/04/28 02:10:10 [error] 575#575: *9 FastCGI sent in stderr: "PHP message: An Error occurred while handling another error:
yii\web\HeadersAlreadySentException: Headers already sent in /home/alexandr/Development/public_html/aio/controllers/PostController.php on line 205. in /home/alexandr/Development/public_html/aio/vendor/yiisoft/yii2/web/Response.php:366
Stack trace:
#0 /home/alexandr/Development/public_html/aio/vendor/yiisoft/yii2/web/Response.php(339): yii\web\Response->sendHeaders()
#1 /home/alexandr/Development/public_html/aio/vendor/yiisoft/yii2/web/ErrorHandler.php(135): yii\web\Response->send()
#2 /home/alexandr/Development/public_html/aio/vendor/yiisoft/yii2/base/ErrorHandler.php(111): yii\web\ErrorHandler->renderException(Object(yii\web\HeadersAlreadySentException))
#3 [internal function]: yii\base\ErrorHandler->handleException(Object(yii\web\HeadersAlreadySentException))
#4 {main}
Previous exception:
yii\web\HeadersAlreadySentException: Headers already sent in /home/alexandr/Development/public_html/aio/controllers/PostController.php on line 205. in /home/" while reading upstream, client: 127.0.0.1, server: aio, request: "GET /post/generate HTTP/1.1", upstream: "fastcgi://unix:/var/run/php/php7.1-fpm.sock:", host: "aio", referrer: "http://aio/post/index"
2018/04/28 02:11:01 [error] 575#575: *9 FastCGI sent in stderr: "PHP message: An Error occurred while handling another error:
yii\web\HeadersAlreadySentException: Headers already sent in /home/alexandr/Development/public_html/aio/controllers/PostController.php on line 205. in /home/alexandr/Development/public_html/aio/vendor/yiisoft/yii2/web/Response.php:366
Stack trace:
#0 /home/alexandr/Development/public_html/aio/vendor/yiisoft/yii2/web/Response.php(339): yii\web\Response->sendHeaders()
#1 /home/alexandr/Development/public_html/aio/vendor/yiisoft/yii2/web/ErrorHandler.php(135): yii\web\Response->send()
#2 /home/alexandr/Development/public_html/aio/vendor/yiisoft/yii2/base/ErrorHandler.php(111): yii\web\ErrorHandler->renderException(Object(yii\web\HeadersAlreadySentException))
#3 [internal function]: yii\base\ErrorHandler->handleException(Object(yii\web\HeadersAlreadySentException))
#4 {main}
Previous exception:
yii\web\HeadersAlreadySentException: Headers already sent in /home/alexandr/Development/public_html/aio/controllers/PostController.php on line 205. in /home/" while reading upstream, client: 127.0.0.1, server: aio, request: "GET /post/generate HTTP/1.1", upstream: "fastcgi://unix:/var/run/php/php7.1-fpm.sock:", host: "aio", referrer: "http://aio/post/index"
2018/04/28 10:14:00 [error] 568#568: *16 FastCGI sent in stderr: "PHP message: An Error occurred while handling another error:
yii\web\HeadersAlreadySentException: Headers already sent in /home/alexandr/Development/public_html/aio/controllers/GeneratorController.php on line 34. in /home/alexandr/Development/public_html/aio/vendor/yiisoft/yii2/web/Response.php:366
Stack trace:
#0 /home/alexandr/Development/public_html/aio/vendor/yiisoft/yii2/web/Response.php(339): yii\web\Response->sendHeaders()
#1 /home/alexandr/Development/public_html/aio/vendor/yiisoft/yii2/web/ErrorHandler.php(135): yii\web\Response->send()
#2 /home/alexandr/Development/public_html/aio/vendor/yiisoft/yii2/base/ErrorHandler.php(111): yii\web\ErrorHandler->renderException(Object(yii\web\HeadersAlreadySentException))
#3 [internal function]: yii\base\ErrorHandler->handleException(Object(yii\web\HeadersAlreadySentException))
#4 {main}
Previous exception:
yii\web\HeadersAlreadySentException: Headers already sent in /home/alexandr/Development/public_html/aio/controllers/GeneratorController.php on line 34. i" while reading upstream, client: 127.0.0.1, server: aio, request: "GET /generator HTTP/1.1", upstream: "fastcgi://unix:/var/run/php/php7.1-fpm.sock:", host: "aio", referrer: "http://aio/post/"
2018/04/28 10:17:22 [error] 568#568: *18 FastCGI sent in stderr: "PHP message: An Error occurred while handling another error:
yii\web\HeadersAlreadySentException: Headers already sent in /home/alexandr/Development/public_html/aio/controllers/GeneratorController.php on line 34. in /home/alexandr/Development/public_html/aio/vendor/yiisoft/yii2/web/Response.php:366
Stack trace:
#0 /home/alexandr/Development/public_html/aio/vendor/yiisoft/yii2/web/Response.php(339): yii\web\Response->sendHeaders()
#1 /home/alexandr/Development/public_html/aio/vendor/yiisoft/yii2/web/ErrorHandler.php(135): yii\web\Response->send()
#2 /home/alexandr/Development/public_html/aio/vendor/yiisoft/yii2/base/ErrorHandler.php(111): yii\web\ErrorHandler->renderException(Object(yii\web\HeadersAlreadySentException))
#3 [internal function]: yii\base\ErrorHandler->handleException(Object(yii\web\HeadersAlreadySentException))
#4 {main}
Previous exception:
yii\web\HeadersAlreadySentException: Headers already sent in /home/alexandr/Development/public_html/aio/controllers/GeneratorController.php on line 34. i" while reading upstream, client: 127.0.0.1, server: aio, request: "GET /generator HTTP/1.1", upstream: "fastcgi://unix:/var/run/php/php7.1-fpm.sock:", host: "aio", referrer: "http://aio/post/"
2018/04/28 10:17:24 [error] 568#568: *18 FastCGI sent in stderr: "PHP message: An Error occurred while handling another error:
yii\web\HeadersAlreadySentException: Headers already sent in /home/alexandr/Development/public_html/aio/controllers/GeneratorController.php on line 34. in /home/alexandr/Development/public_html/aio/vendor/yiisoft/yii2/web/Response.php:366
Stack trace:
#0 /home/alexandr/Development/public_html/aio/vendor/yiisoft/yii2/web/Response.php(339): yii\web\Response->sendHeaders()
#1 /home/alexandr/Development/public_html/aio/vendor/yiisoft/yii2/web/ErrorHandler.php(135): yii\web\Response->send()
#2 /home/alexandr/Development/public_html/aio/vendor/yiisoft/yii2/base/ErrorHandler.php(111): yii\web\ErrorHandler->renderException(Object(yii\web\HeadersAlreadySentException))
#3 [internal function]: yii\base\ErrorHandler->handleException(Object(yii\web\HeadersAlreadySentException))
#4 {main}
Previous exception:
yii\web\HeadersAlreadySentException: Headers already sent in /home/alexandr/Development/public_html/aio/controllers/GeneratorController.php on line 34. i" while reading upstream, client: 127.0.0.1, server: aio, request: "GET /generator HTTP/1.1", upstream: "fastcgi://unix:/var/run/php/php7.1-fpm.sock:", host: "aio", referrer: "http://aio/post/"
2018/04/28 10:17:27 [error] 568#568: *18 FastCGI sent in stderr: "PHP message: An Error occurred while handling another error:
yii\web\HeadersAlreadySentException: Headers already sent in /home/alexandr/Development/public_html/aio/controllers/GeneratorController.php on line 34. in /home/alexandr/Development/public_html/aio/vendor/yiisoft/yii2/web/Response.php:366
Stack trace:
#0 /home/alexandr/Development/public_html/aio/vendor/yiisoft/yii2/web/Response.php(339): yii\web\Response->sendHeaders()
#1 /home/alexandr/Development/public_html/aio/vendor/yiisoft/yii2/web/ErrorHandler.php(135): yii\web\Response->send()
#2 /home/alexandr/Development/public_html/aio/vendor/yiisoft/yii2/base/ErrorHandler.php(111): yii\web\ErrorHandler->renderException(Object(yii\web\HeadersAlreadySentException))
#3 [internal function]: yii\base\ErrorHandler->handleException(Object(yii\web\HeadersAlreadySentException))
#4 {main}
Previous exception:
yii\web\HeadersAlreadySentException: Headers already sent in /home/alexandr/Development/public_html/aio/controllers/GeneratorController.php on line 34. i" while reading upstream, client: 127.0.0.1, server: aio, request: "GET /generator HTTP/1.1", upstream: "fastcgi://unix:/var/run/php/php7.1-fpm.sock:", host: "aio", referrer: "http://aio/post/"
2018/04/28 10:17:30 [error] 568#568: *18 FastCGI sent in stderr: "PHP message: An Error occurred while handling another error:
yii\web\HeadersAlreadySentException: Headers already sent in /home/alexandr/Development/public_html/aio/controllers/GeneratorController.php on line 34. in /home/alexandr/Development/public_html/aio/vendor/yiisoft/yii2/web/Response.php:366
Stack trace:
#0 /home/alexandr/Development/public_html/aio/vendor/yiisoft/yii2/web/Response.php(339): yii\web\Response->sendHeaders()
#1 /home/alexandr/Development/public_html/aio/vendor/yiisoft/yii2/web/ErrorHandler.php(135): yii\web\Response->send()
#2 /home/alexandr/Development/public_html/aio/vendor/yiisoft/yii2/base/ErrorHandler.php(111): yii\web\ErrorHandler->renderException(Object(yii\web\HeadersAlreadySentException))
#3 [internal function]: yii\base\ErrorHandler->handleException(Object(yii\web\HeadersAlreadySentException))
#4 {main}
Previous exception:
yii\web\HeadersAlreadySentException: Headers already sent in /home/alexandr/Development/public_html/aio/controllers/GeneratorController.php on line 34. i" while reading upstream, client: 127.0.0.1, server: aio, request: "GET /generator HTTP/1.1", upstream: "fastcgi://unix:/var/run/php/php7.1-fpm.sock:", host: "aio", referrer: "http://aio/post/"
2018/04/28 10:19:30 [error] 568#568: *38 FastCGI sent in stderr: "PHP message: An Error occurred while handling another error:
yii\web\HeadersAlreadySentException: Headers already sent in /home/alexandr/Development/public_html/aio/controllers/GeneratorController.php on line 34. in /home/alexandr/Development/public_html/aio/vendor/yiisoft/yii2/web/Response.php:366
Stack trace:
#0 /home/alexandr/Development/public_html/aio/vendor/yiisoft/yii2/web/Response.php(339): yii\web\Response->sendHeaders()
#1 /home/alexandr/Development/public_html/aio/vendor/yiisoft/yii2/web/ErrorHandler.php(135): yii\web\Response->send()
#2 /home/alexandr/Development/public_html/aio/vendor/yiisoft/yii2/base/ErrorHandler.php(111): yii\web\ErrorHandler->renderException(Object(yii\web\HeadersAlreadySentException))
#3 [internal function]: yii\base\ErrorHandler->handleException(Object(yii\web\HeadersAlreadySentException))
#4 {main}
Previous exception:
yii\web\HeadersAlreadySentException: Headers already sent in /home/alexandr/Development/public_html/aio/controllers/GeneratorController.php on line 34. i" while reading upstream, client: 127.0.0.1, server: aio, request: "GET /generator HTTP/1.1", upstream: "fastcgi://unix:/var/run/php/php7.1-fpm.sock:", host: "aio", referrer: "http://aio/post/"
2018/04/28 10:19:33 [error] 568#568: *38 FastCGI sent in stderr: "PHP message: An Error occurred while handling another error:
yii\web\HeadersAlreadySentException: Headers already sent in /home/alexandr/Development/public_html/aio/controllers/GeneratorController.php on line 34. in /home/alexandr/Development/public_html/aio/vendor/yiisoft/yii2/web/Response.php:366
Stack trace:
#0 /home/alexandr/Development/public_html/aio/vendor/yiisoft/yii2/web/Response.php(339): yii\web\Response->sendHeaders()
#1 /home/alexandr/Development/public_html/aio/vendor/yiisoft/yii2/web/ErrorHandler.php(135): yii\web\Response->send()
#2 /home/alexandr/Development/public_html/aio/vendor/yiisoft/yii2/base/ErrorHandler.php(111): yii\web\ErrorHandler->renderException(Object(yii\web\HeadersAlreadySentException))
#3 [internal function]: yii\base\ErrorHandler->handleException(Object(yii\web\HeadersAlreadySentException))
#4 {main}
Previous exception:
yii\web\HeadersAlreadySentException: Headers already sent in /home/alexandr/Development/public_html/aio/controllers/GeneratorController.php on line 34. i" while reading upstream, client: 127.0.0.1, server: aio, request: "GET /generator HTTP/1.1", upstream: "fastcgi://unix:/var/run/php/php7.1-fpm.sock:", host: "aio", referrer: "http://aio/post/"
2018/04/28 10:19:36 [error] 568#568: *38 FastCGI sent in stderr: "PHP message: An Error occurred while handling another error:
yii\web\HeadersAlreadySentException: Headers already sent in /home/alexandr/Development/public_html/aio/controllers/GeneratorController.php on line 34. in /home/alexandr/Development/public_html/aio/vendor/yiisoft/yii2/web/Response.php:366
Stack trace:
#0 /home/alexandr/Development/public_html/aio/vendor/yiisoft/yii2/web/Response.php(339): yii\web\Response->sendHeaders()
#1 /home/alexandr/Development/public_html/aio/vendor/yiisoft/yii2/web/ErrorHandler.php(135): yii\web\Response->send()
#2 /home/alexandr/Development/public_html/aio/vendor/yiisoft/yii2/base/ErrorHandler.php(111): yii\web\ErrorHandler->renderException(Object(yii\web\HeadersAlreadySentException))
#3 [internal function]: yii\base\ErrorHandler->handleException(Object(yii\web\HeadersAlreadySentException))
#4 {main}
Previous exception:
yii\web\HeadersAlreadySentException: Headers already sent in /home/alexandr/Development/public_html/aio/controllers/GeneratorController.php on line 34. i" while reading upstream, client: 127.0.0.1, server: aio, request: "GET /generator HTTP/1.1", upstream: "fastcgi://unix:/var/run/php/php7.1-fpm.sock:", host: "aio", referrer: "http://aio/post/"
2018/04/28 10:19:38 [error] 568#568: *38 FastCGI sent in stderr: "PHP message: An Error occurred while handling another error:
yii\web\HeadersAlreadySentException: Headers already sent in /home/alexandr/Development/public_html/aio/controllers/GeneratorController.php on line 34. in /home/alexandr/Development/public_html/aio/vendor/yiisoft/yii2/web/Response.php:366
Stack trace:
#0 /home/alexandr/Development/public_html/aio/vendor/yiisoft/yii2/web/Response.php(339): yii\web\Response->sendHeaders()
#1 /home/alexandr/Development/public_html/aio/vendor/yiisoft/yii2/web/ErrorHandler.php(135): yii\web\Response->send()
#2 /home/alexandr/Development/public_html/aio/vendor/yiisoft/yii2/base/ErrorHandler.php(111): yii\web\ErrorHandler->renderException(Object(yii\web\HeadersAlreadySentException))
#3 [internal function]: yii\base\ErrorHandler->handleException(Object(yii\web\HeadersAlreadySentException))
#4 {main}
Previous exception:
yii\web\HeadersAlreadySentException: Headers already sent in /home/alexandr/Development/public_html/aio/controllers/GeneratorController.php on line 34. i" while reading upstream, client: 127.0.0.1, server: aio, request: "GET /generator HTTP/1.1", upstream: "fastcgi://unix:/var/run/php/php7.1-fpm.sock:", host: "aio", referrer: "http://aio/post/"
2018/04/28 10:22:13 [error] 568#568: *38 FastCGI sent in stderr: "PHP message: An Error occurred while handling another error:
yii\web\HeadersAlreadySentException: Headers already sent in /home/alexandr/Development/public_html/aio/controllers/GeneratorController.php on line 34. in /home/alexandr/Development/public_html/aio/vendor/yiisoft/yii2/web/Response.php:366
Stack trace:
#0 /home/alexandr/Development/public_html/aio/vendor/yiisoft/yii2/web/Response.php(339): yii\web\Response->sendHeaders()
#1 /home/alexandr/Development/public_html/aio/vendor/yiisoft/yii2/web/ErrorHandler.php(135): yii\web\Response->send()
#2 /home/alexandr/Development/public_html/aio/vendor/yiisoft/yii2/base/ErrorHandler.php(111): yii\web\ErrorHandler->renderException(Object(yii\web\HeadersAlreadySentException))
#3 [internal function]: yii\base\ErrorHandler->handleException(Object(yii\web\HeadersAlreadySentException))
#4 {main}
Previous exception:
yii\web\HeadersAlreadySentException: Headers already sent in /home/alexandr/Development/public_html/aio/controllers/GeneratorController.php on line 34. i" while reading upstream, client: 127.0.0.1, server: aio, request: "GET /generator/ HTTP/1.1", upstream: "fastcgi://unix:/var/run/php/php7.1-fpm.sock:", host: "aio"
2018/04/29 11:25:12 [error] 588#588: *73 FastCGI sent in stderr: "PHP message: An Error occurred while handling another error:
yii\web\HeadersAlreadySentException: Headers already sent in /home/alexandr/Development/public_html/aio/controllers/GeneratorController.php on line 52. in /home/alexandr/Development/public_html/aio/vendor/yiisoft/yii2/web/Response.php:366
Stack trace:
#0 /home/alexandr/Development/public_html/aio/vendor/yiisoft/yii2/web/Response.php(339): yii\web\Response->sendHeaders()
#1 /home/alexandr/Development/public_html/aio/vendor/yiisoft/yii2/web/ErrorHandler.php(135): yii\web\Response->send()
#2 /home/alexandr/Development/public_html/aio/vendor/yiisoft/yii2/base/ErrorHandler.php(111): yii\web\ErrorHandler->renderException(Object(yii\web\HeadersAlreadySentException))
#3 [internal function]: yii\base\ErrorHandler->handleException(Object(yii\web\HeadersAlreadySentException))
#4 {main}
Previous exception:
yii\web\HeadersAlreadySentException: Headers already sent in /home/alexandr/Development/public_html/aio/controllers/GeneratorController.php on line 52. i" while reading upstream, client: 127.0.0.1, server: aio, request: "GET /generator HTTP/1.1", upstream: "fastcgi://unix:/var/run/php/php7.1-fpm.sock:", host: "aio", referrer: "http://aio/post"
2018/04/29 11:26:40 [error] 588#588: *81 FastCGI sent in stderr: "PHP message: An Error occurred while handling another error:
yii\web\HeadersAlreadySentException: Headers already sent in /home/alexandr/Development/public_html/aio/functions.php on line 25. in /home/alexandr/Development/public_html/aio/vendor/yiisoft/yii2/web/Response.php:366
Stack trace:
#0 /home/alexandr/Development/public_html/aio/vendor/yiisoft/yii2/web/Response.php(339): yii\web\Response->sendHeaders()
#1 /home/alexandr/Development/public_html/aio/vendor/yiisoft/yii2/web/ErrorHandler.php(135): yii\web\Response->send()
#2 /home/alexandr/Development/public_html/aio/vendor/yiisoft/yii2/base/ErrorHandler.php(111): yii\web\ErrorHandler->renderException(Object(yii\web\HeadersAlreadySentException))
#3 [internal function]: yii\base\ErrorHandler->handleException(Object(yii\web\HeadersAlreadySentException))
#4 {main}
Previous exception:
yii\web\HeadersAlreadySentException: Headers already sent in /home/alexandr/Development/public_html/aio/functions.php on line 25. in /home/alexandr/Development/public_html/aio" while reading upstream, client: 127.0.0.1, server: aio, request: "GET /generator HTTP/1.1", upstream: "fastcgi://unix:/var/run/php/php7.1-fpm.sock:", host: "aio", referrer: "http://aio/post"
2018/04/29 11:28:03 [error] 588#588: *81 FastCGI sent in stderr: "PHP message: An Error occurred while handling another error:
yii\web\HeadersAlreadySentException: Headers already sent in /home/alexandr/Development/public_html/aio/controllers/GeneratorController.php on line 52. in /home/alexandr/Development/public_html/aio/vendor/yiisoft/yii2/web/Response.php:366
Stack trace:
#0 /home/alexandr/Development/public_html/aio/vendor/yiisoft/yii2/web/Response.php(339): yii\web\Response->sendHeaders()
#1 /home/alexandr/Development/public_html/aio/vendor/yiisoft/yii2/web/ErrorHandler.php(135): yii\web\Response->send()
#2 /home/alexandr/Development/public_html/aio/vendor/yiisoft/yii2/base/ErrorHandler.php(111): yii\web\ErrorHandler->renderException(Object(yii\web\HeadersAlreadySentException))
#3 [internal function]: yii\base\ErrorHandler->handleException(Object(yii\web\HeadersAlreadySentException))
#4 {main}
Previous exception:
yii\web\HeadersAlreadySentException: Headers already sent in /home/alexandr/Development/public_html/aio/controllers/GeneratorController.php on line 5" while reading upstream, client: 127.0.0.1, server: aio, request: "GET /generator HTTP/1.1", upstream: "fastcgi://unix:/var/run/php/php7.1-fpm.sock:", host: "aio", referrer: "http://aio/post/"
2018/04/29 11:28:03 [error] 588#588: *81 FastCGI sent in stderr: "2. i" while reading upstream, client: 127.0.0.1, server: aio, request: "GET /generator HTTP/1.1", upstream: "fastcgi://unix:/var/run/php/php7.1-fpm.sock:", host: "aio", referrer: "http://aio/post/"
2018/04/29 11:28:56 [error] 588#588: *81 FastCGI sent in stderr: "PHP message: An Error occurred while handling another error:
yii\web\HeadersAlreadySentException: Headers already sent in /home/alexandr/Development/public_html/aio/controllers/GeneratorController.php on line 52. in" while reading upstream, client: 127.0.0.1, server: aio, request: "GET /generator HTTP/1.1", upstream: "fastcgi://unix:/var/run/php/php7.1-fpm.sock:", host: "aio", referrer: "http://aio/post/"
2018/04/29 11:28:56 [error] 588#588: *81 FastCGI sent in stderr: "/home/alexandr/Development/public_html/aio/vendor/yiisoft/yii2/web/Response.php:366
Stack trace:
#0 /home/alexandr/Development/public_html/aio/vendor/yiisoft/yii2/web/Response.php(339): yii\web\Response->sendHeaders()
#1 /home/alexandr/Development/public_html/aio/vendor/yiisoft/yii2/web/ErrorHandler.php(135): yii\web\Response->send()
#2 /home/alexandr/Development/public_html/aio/vendor/yiisoft/yii2/base/ErrorHandler.php(111): yii\web\ErrorHandler->renderException(Object(yii\web\HeadersAlreadySentException))
#3 [internal function]: yii\base\ErrorHandler->handleException(Object(yii\web\HeadersAlreadySentException))
#4 {main}
Previous exception:
yii\web\HeadersAlreadySentException: Headers already sent in /home/alexandr/Development/public_html/aio/controllers/GeneratorController.php on line 52. i" while reading upstream, client: 127.0.0.1, server: aio, request: "GET /generator HTTP/1.1", upstream: "fastcgi://unix:/var/run/php/php7.1-fpm.sock:", host: "aio", referrer: "http://aio/post/"
2018/04/29 11:48:15 [error] 588#588: *108 FastCGI sent in stderr: "PHP message: An Error occurred while handling another error:
yii\web\HeadersAlreadySentException: Headers already sent in /home/alexandr/Development/public_html/aio/controllers/GeneratorController.php on line 52. in /home/alexandr/Development/public_html/aio/vendor/yiisoft/yii2/web/Response.php:366
Stack trace:
#0 /home/alexandr/Development/public_html/aio/vendor/yiisoft/yii2/web/Response.php(339): yii\web\Response->sendHeaders()
#1 /home/alexandr/Development/public_html/aio/vendor/yiisoft/yii2/web/ErrorHandler.php(135): yii\web\Response->send()
#2 /home/alexandr/Development/public_html/aio/vendor/yiisoft/yii2/base/ErrorHandler.php(111): yii\web\ErrorHandler->renderException(Object(yii\web\HeadersAlreadySentException))
#3 [internal function]: yii\base\ErrorHandler->handleException(Object(yii\web\HeadersAlreadySentException))
#4 {main}
Previous exception:
yii\web\HeadersAlreadySentException: Headers already sent in /home/alexandr/Development/public_html/aio/controllers/GeneratorController.php on line 52. i" while reading upstream, client: 127.0.0.1, server: aio, request: "GET /generator HTTP/1.1", upstream: "fastcgi://unix:/var/run/php/php7.1-fpm.sock:", host: "aio", referrer: "http://aio/post"
2018/04/29 12:25:02 [error] 588#588: *126 FastCGI sent in stderr: "PHP message: An Error occurred while handling another error:
yii\web\HeadersAlreadySentException: Headers already sent in /home/alexandr/Development/public_html/aio/controllers/GeneratorController.php on line 45. in /home/alexandr/Development/public_html/aio/vendor/yiisoft/yii2/web/Response.php:366
Stack trace:
#0 /home/alexandr/Development/public_html/aio/vendor/yiisoft/yii2/web/Response.php(339): yii\web\Response->sendHeaders()
#1 /home/alexandr/Development/public_html/aio/vendor/yiisoft/yii2/web/ErrorHandler.php(135): yii\web\Response->send()
#2 /home/alexandr/Development/public_html/aio/vendor/yiisoft/yii2/base/ErrorHandler.php(111): yii\web\ErrorHandler->renderException(Object(yii\web\HeadersAlreadySentException))
#3 [internal function]: yii\base\ErrorHandler->handleException(Object(yii\web\HeadersAlreadySentException))
#4 {main}
Previous exception:
yii\web\HeadersAlreadySentException: Headers already sent in /home/alexandr/Development/public_html/aio/controllers/GeneratorController.php on line 45. i" while reading upstream, client: 127.0.0.1, server: aio, request: "GET /generator HTTP/1.1", upstream: "fastcgi://unix:/var/run/php/php7.1-fpm.sock:", host: "aio", referrer: "http://aio/post"
2018/04/29 12:52:25 [error] 588#588: *128 FastCGI sent in stderr: "PHP message: An Error occurred while handling another error:
yii\web\HeadersAlreadySentException: Headers already sent in /home/alexandr/Development/public_html/aio/controllers/GeneratorController.php on line 54. in /home/alexandr/Development/public_html/aio/vendor/yiisoft/yii2/web/Response.php:366
Stack trace:
#0 /home/alexandr/Development/public_html/aio/vendor/yiisoft/yii2/web/Response.php(339): yii\web\Response->sendHeaders()
#1 /home/alexandr/Development/public_html/aio/vendor/yiisoft/yii2/web/ErrorHandler.php(135): yii\web\Response->send()
#2 /home/alexandr/Development/public_html/aio/vendor/yiisoft/yii2/base/ErrorHandler.php(111): yii\web\ErrorHandler->renderException(Object(yii\web\HeadersAlreadySentException))
#3 [internal function]: yii\base\ErrorHandler->handleException(Object(yii\web\HeadersAlreadySentException))
#4 {main}
Previous exception:
yii\web\HeadersAlreadySentException: Headers already sent in /home/alexandr/Development/public_html/aio/controllers/GeneratorController.php on line 54. i" while reading upstream, client: 127.0.0.1, server: aio, request: "GET /generator HTTP/1.1", upstream: "fastcgi://unix:/var/run/php/php7.1-fpm.sock:", host: "aio", referrer: "http://aio/post"
2018/04/29 12:53:29 [error] 588#588: *128 FastCGI sent in stderr: "PHP message: An Error occurred while handling another error:
yii\web\HeadersAlreadySentException: Headers already sent in /home/alexandr/Development/public_html/aio/controllers/GeneratorController.php on line 54. in /home/alexandr/Development/public_html/aio/vendor/yiisoft/yii2/web/Response.php:366
Stack trace:
#0 /home/alexandr/Development/public_html/aio/vendor/yiisoft/yii2/web/Response.php(339): yii\web\Response->sendHeaders()
#1 /home/alexandr/Development/public_html/aio/vendor/yiisoft/yii2/web/ErrorHandler.php(135): yii\web\Response->send()
#2 /home/alexandr/Development/public_html/aio/vendor/yiisoft/yii2/base/ErrorHandler.php(111): yii\web\ErrorHandler->renderException(Object(yii\web\HeadersAlreadySentException))
#3 [internal function]: yii\base\ErrorHandler->handleException(Object(yii\web\HeadersAlreadySentException))
#4 {main}
Previous exception:
yii\web\HeadersAlreadySentException: Headers already sent in /home/alexandr/Development/public_html/aio/controllers/GeneratorController.php on line 54. i" while reading upstream, client: 127.0.0.1, server: aio, request: "GET /generator HTTP/1.1", upstream: "fastcgi://unix:/var/run/php/php7.1-fpm.sock:", host: "aio", referrer: "http://aio/post"
2018/04/29 12:53:31 [error] 588#588: *128 FastCGI sent in stderr: "PHP message: An Error occurred while handling another error:
yii\web\HeadersAlreadySentException: Headers already sent in /home/alexandr/Development/public_html/aio/controllers/GeneratorController.php on line 54. in /home/alexandr/Development/public_html/aio/vendor/yiisoft/yii2/web/Response.php:366
Stack trace:
#0 /home/alexandr/Development/public_html/aio/vendor/yiisoft/yii2/web/Response.php(339): yii\web\Response->sendHeaders()
#1 /home/alexandr/Development/public_html/aio/vendor/yiisoft/yii2/web/ErrorHandler.php(135): yii\web\Response->send()
#2 /home/alexandr/Development/public_html/aio/vendor/yiisoft/yii2/base/ErrorHandler.php(111): yii\web\ErrorHandler->renderException(Object(yii\web\HeadersAlreadySentException))
#3 [internal function]: yii\base\ErrorHandler->handleException(Object(yii\web\HeadersAlreadySentException))
#4 {main}
Previous exception:
yii\web\HeadersAlreadySentException: Headers already sent in /home/alexandr/Development/public_html/aio/controllers/GeneratorController.php on line 54. i" while reading upstream, client: 127.0.0.1, server: aio, request: "GET /generator HTTP/1.1", upstream: "fastcgi://unix:/var/run/php/php7.1-fpm.sock:", host: "aio", referrer: "http://aio/post"
2018/04/29 12:53:32 [error] 588#588: *128 FastCGI sent in stderr: "PHP message: An Error occurred while handling another error:
yii\web\HeadersAlreadySentException: Headers already sent in /home/alexandr/Development/public_html/aio/controllers/GeneratorController.php on line 54. in /home/alexandr/Development/public_html/aio/vendor/yiisoft/yii2/web/Response.php:366
Stack trace:
#0 /home/alexandr/Development/public_html/aio/vendor/yiisoft/yii2/web/Response.php(339): yii\web\Response->sendHeaders()
#1 /home/alexandr/Development/public_html/aio/vendor/yiisoft/yii2/web/ErrorHandler.php(135): yii\web\Response->send()
#2 /home/alexandr/Development/public_html/aio/vendor/yiisoft/yii2/base/ErrorHandler.php(111): yii\web\ErrorHandler->renderException(Object(yii\web\Heade" while reading upstream, client: 127.0.0.1, server: aio, request: "GET /generator HTTP/1.1", upstream: "fastcgi://unix:/var/run/php/php7.1-fpm.sock:", host: "aio", referrer: "http://aio/post"
2018/04/29 12:53:32 [error] 588#588: *128 FastCGI sent in stderr: "rsAlreadySentException))
#3 [internal function]: yii\base\ErrorHandler->handleException(Object(yii\web\HeadersAlreadySentException))
#4 {main}
Previous exception:
yii\web\HeadersAlreadySentException: Headers already sent in /home/alexandr/Development/public_html/aio/controllers/GeneratorController.php on line 54. i" while reading upstream, client: 127.0.0.1, server: aio, request: "GET /generator HTTP/1.1", upstream: "fastcgi://unix:/var/run/php/php7.1-fpm.sock:", host: "aio", referrer: "http://aio/post"
2018/04/29 12:55:59 [error] 588#588: *133 FastCGI sent in stderr: "PHP message: An Error occurred while handling another error:
yii\web\HeadersAlreadySentException: Headers already sent in /home/alexandr/Development/public_html/aio/controllers/GeneratorController.php on line 54. in /home/alexandr/Development/public_html/aio/vendor/yiisoft/yii2/web/Response.php:366
Stack trace:
#0 /home/alexandr/Development/public_html/aio/vendor/yiisoft/yii2/web/Response.php(339): yii\web\Response->sendHeaders()
#1 /home/alexandr/Development/public_html/aio/vendor/yiisoft/yii2/web/ErrorHandler.php(135): yii\web\Response->send()
#2 /home/alexandr/Development/public_html/aio/vendor/yiisoft/yii2/base/ErrorHandler.php(111): yii\web\ErrorHandler->renderException(Object(yii\web\HeadersAlreadySentException))
#3 [internal function]: yii\base\ErrorHandler->handleException(Object(yii\web\HeadersAlreadySentException))
#4 {main}
Previous exception:
yii\web\HeadersAlreadySentException: Headers" while reading upstream, client: 127.0.0.1, server: aio, request: "GET /generator HTTP/1.1", upstream: "fastcgi://unix:/var/run/php/php7.1-fpm.sock:", host: "aio", referrer: "http://aio/post/"
2018/04/29 12:55:59 [error] 588#588: *133 FastCGI sent in stderr: "already sent in /home/alexandr/Development/public_html/aio/controllers/GeneratorController.php on line 54. i" while reading upstream, client: 127.0.0.1, server: aio, request: "GET /generator HTTP/1.1", upstream: "fastcgi://unix:/var/run/php/php7.1-fpm.sock:", host: "aio", referrer: "http://aio/post/"
2018/04/29 12:56:30 [error] 588#588: *133 FastCGI sent in stderr: "PHP message: An Error occurred while handling another error:
yii\web\HeadersAlreadySentException: Headers already sent in /home/alexandr/Development/public_html/aio/controllers/GeneratorController.php on line 54. in /home/alexandr/Development/public_html/aio/vendor/yiisoft/yii2/web/Response.php:366
Stack trace:
#0 /home/alexandr/Development/public_html/aio/vendor/yiisoft/yii2/web/Response.php(339): yii\web\Response->sendHeaders()
#1 /home/alexandr/Development/public_html/aio/vendor/yiisoft/yii2/web/ErrorHandler.php(135): yii\web\Response->send()
#2 /home/alexandr/Development/public_html/aio/vendor/yiisoft/yii2/base/ErrorHandler.php(111): yii\web\ErrorHandler->renderException(Object(yii\web\HeadersAlreadySentException))
#3 [internal function]: yii\base\ErrorHandler->handleException(Object(yii\web\HeadersAlreadySentException))
#4 {main}
Previous exception:
yii\web\HeadersAlreadySentException: Headers already sent in /home/alexandr/Development/public_html/aio/controllers/GeneratorController.php on line 54. i" while reading upstream, client: 127.0.0.1, server: aio, request: "GET /generator HTTP/1.1", upstream: "fastcgi://unix:/var/run/php/php7.1-fpm.sock:", host: "aio", referrer: "http://aio/post/"
2018/04/29 12:58:44 [error] 588#588: *138 FastCGI sent in stderr: "PHP message: An Error occurred while handling another error:
yii\web\HeadersAlreadySentException: Headers already sent in /home/alexandr/Development/public_html/aio/controllers/GeneratorController.php on line 54. in /home/alexandr/Development/public_html/aio/vendor/yiisoft/yii2/web/Response.php:366
Stack trace:
#0 /home/alexandr/Development/public_html/aio/vendor/yiisoft/yii2/web/Response.php(339): yii\web\Response->sendHeaders()
#1 /home/alexandr/Development/public_html/aio/vendor/yiisoft/yii2/web/ErrorHandler.php(135): yii\web\Response->send()
#2 /home/alexandr/Development/public_html/aio/vendor/yiisoft/yii2/base/ErrorHandler.php(111): yii\web\ErrorHandler->renderException(Object(yii\web\HeadersAlreadySentException))
#3 [internal function]: yii\base\ErrorHandler->handleException(Object(yii\web\HeadersAlreadySentException))
#4 {main}
Previous exception:
yii\web\HeadersAlreadySentExc" while reading upstream, client: 127.0.0.1, server: aio, request: "GET /generator HTTP/1.1", upstream: "fastcgi://unix:/var/run/php/php7.1-fpm.sock:", host: "aio", referrer: "http://aio/post/"
2018/04/29 12:58:44 [error] 588#588: *138 FastCGI sent in stderr: "eption: Headers already sent in /home/alexandr/Development/public_html/aio/controllers/GeneratorController.php on line 54. i" while reading upstream, client: 127.0.0.1, server: aio, request: "GET /generator HTTP/1.1", upstream: "fastcgi://unix:/var/run/php/php7.1-fpm.sock:", host: "aio", referrer: "http://aio/post/"
2018/04/29 13:02:20 [error] 588#588: *140 FastCGI sent in stderr: "PHP message: An Error occurred while handling another error:
yii\web\HeadersAlreadySentException: Headers already sent in /home/alexandr/Development/public_html/aio/controllers/GeneratorController.php on line 55. in /home/alexandr/Development/public_html/aio/vendor/yiisoft/yii2/web/Response.php:366
Stack trace:
#0 /home/alexandr/Development/public_html/aio/vendor/yiisoft/yii2/web/Response.php(339): yii\web\Response->sendHeaders()
#1 /home/alexandr/Development/public_html/aio/vendor/yiisoft/yii2/web/ErrorHan" while reading upstream, client: 127.0.0.1, server: aio, request: "GET /generator HTTP/1.1", upstream: "fastcgi://unix:/var/run/php/php7.1-fpm.sock:", host: "aio", referrer: "http://aio/post/"
2018/04/29 13:02:20 [error] 588#588: *140 FastCGI sent in stderr: "dler.php(135): yii\web\Response->send()
#2 /home/alexandr/Development/public_html/aio/vendor/yiisoft/yii2/base/ErrorHandler.php(111): yii\web\ErrorHandler->renderException(Object(yii\web\HeadersAlreadySentException))
#3 [internal function]: yii\base\ErrorHandler->handleException(Object(yii\web\HeadersAlreadySentException))
#4 {main}
Previous exception:
yii\web\HeadersAlreadySentException: Headers already sent in /home/alexandr/Development/public_html/aio/controllers/GeneratorController.php on line 55. i" while reading upstream, client: 127.0.0.1, server: aio, request: "GET /generator HTTP/1.1", upstream: "fastcgi://unix:/var/run/php/php7.1-fpm.sock:", host: "aio", referrer: "http://aio/post/"
2018/04/29 13:02:22 [error] 588#588: *140 FastCGI sent in stderr: "PHP message: An Error occurred while handling another error:
yii\web\HeadersAlreadySentException: Headers already sent in /home/alexandr/Development/public_html/aio/controllers/GeneratorController.php on line 55. in /home/alexandr/Development/public_html/aio/vendor/yiisoft/yii2/web/Response.php:366
Stack trace:
#0 /home/alexandr/Development/public_html/aio/vendor/yiisoft/yii2/web/Response.php(339): yii\web\Response->sendHeaders()
#1 /home/alexandr/Development/public_html/aio/vendor/yiisoft/yii2/web/ErrorHandler.php(135): yii\web\Response->send()
#2 /home/alexandr/Development/public_html/aio/vendor/yiisoft/yii2/base/ErrorHandler.php(111): yii\web\ErrorHandler->renderException(Object(yii\web\HeadersAlreadySentException))
#3 [internal function]: yii\base\ErrorHandler->handleException(Object(yii\web\HeadersAlreadySentException))
#4 {main}
Previous exceptio" while reading upstream, client: 127.0.0.1, server: aio, request: "GET /generator HTTP/1.1", upstream: "fastcgi://unix:/var/run/php/php7.1-fpm.sock:", host: "aio", referrer: "http://aio/post/"
2018/04/29 13:02:22 [error] 588#588: *140 FastCGI sent in stderr: "n:
yii\web\HeadersAlreadySentException: Headers already sent in /home/alexandr/Development/public_html/aio/controllers/GeneratorController.php on line 55. i" while reading upstream, client: 127.0.0.1, server: aio, request: "GET /generator HTTP/1.1", upstream: "fastcgi://unix:/var/run/php/php7.1-fpm.sock:", host: "aio", referrer: "http://aio/post/"
2018/04/29 13:02:23 [error] 588#588: *140 FastCGI sent in stderr: "PHP message: An Error occurred while handling another error:
yii\web\HeadersAlreadySentException: Headers already sent in /home/alexandr/Development/public_html/aio/controllers/GeneratorController.php on line 55. in /home/alexandr/Development/public_html/aio/vendor/yiisoft/yii2/web/Response.php:366
Stack trace:
#0 /home/alexandr/Development/public_html/aio/vendor/yiisoft/yii2/web/Response.php(339): yii\web\Response->sendHeaders()
#1 /home/alexandr/Development/public_html/aio/vendor/yiisoft/yii2/web/ErrorHandler.php(135): yii\web\Response->send()
#2 /home/alexandr/Development/public_html/aio/vendor/yiisoft/yii2/base/ErrorHandler.php(111): yii\web\ErrorHandler->renderException(Object(yii\web\HeadersAlreadySentException))
#3 [internal function]: yii\base\ErrorHandler->handleException(Object(yii\web\HeadersAlreadySentException))
#4 {main}
Previous exception:
yii\web\HeadersAlreadySentException: Headers" while reading upstream, client: 127.0.0.1, server: aio, request: "GET /generator HTTP/1.1", upstream: "fastcgi://unix:/var/run/php/php7.1-fpm.sock:", host: "aio", referrer: "http://aio/post/"
2018/04/29 13:02:23 [error] 588#588: *140 FastCGI sent in stderr: "already sent in /home/alexandr/Development/public_html/aio/controllers/GeneratorController.php on line 55. i" while reading upstream, client: 127.0.0.1, server: aio, request: "GET /generator HTTP/1.1", upstream: "fastcgi://unix:/var/run/php/php7.1-fpm.sock:", host: "aio", referrer: "http://aio/post/"
2018/04/29 13:04:21 [error] 588#588: *144 FastCGI sent in stderr: "PHP message: An Error occurred while handling another error:
yii\web\HeadersAlreadySentException: Headers already sent in /home/alexandr/Development/public_html/aio/controllers/GeneratorController.php on line 55. in /home/alexandr/Development/public_html/aio/vendor/yiisoft/yii2/web/Response.php:366
Stack trace:
#0 /home/alexandr/Development/public_html/aio/vendor/yiisoft/yii2/web/Response.php(339): yii\web\Response->sendHeaders()
#1 /home/alexandr/Development/public_html/aio/vendor/yiisoft/yii2/web/ErrorHandler.php(135): yii\web\Response->send()
#2 /home/alexandr/Development/public_html/aio/vendor/yiisoft/yii2/base/ErrorHandler.php(111): yii\web\ErrorHandler->renderException(Object(yii\web\HeadersAlreadySentException))
#3 [internal function]: yii\base\ErrorHandler->handleException(Object(yii\web\HeadersAlreadySentException))
#4 {main}
Previous exception:
yii\web\HeadersAlreadySentException: Headers already sent in /home/alexandr/Development/public_html/aio/controllers/GeneratorController.php on line 55. i" while reading upstream, client: 127.0.0.1, server: aio, request: "GET /generator HTTP/1.1", upstream: "fastcgi://unix:/var/run/php/php7.1-fpm.sock:", host: "aio", referrer: "http://aio/post/"
2018/04/29 13:06:16 [error] 588#588: *147 FastCGI sent in stderr: "PHP message: An Error occurred while handling another error:
yii\web\HeadersAlreadySentException: Headers already sent in /home/alexandr/Development/public_html/aio/controllers/GeneratorController.php on line 52. in /home/alexandr/Development/public_html/aio/vendor/yiisoft/yii2/web/Response.php:366
Stack trace:
#0 /home/alexandr/Development/public_html/aio/vendor/yiisoft/yii2/web/Response.php(339): yii\web\Response->sendHeaders()
#1 /home/alexandr/Development/public_html/aio/vendor/yiisoft/yii2/web/ErrorHandler.php(135): yii\web\Response->send()
#2 /home/alexandr/Development/public_html/aio/vendor/yiisoft/yii2/base/ErrorHandler.php(111): yii\web\ErrorHandler->renderException(Object(yii\web\HeadersAlreadySentException))
#3 [internal function]: yii\base\ErrorHandler->handleException(Object(yii\web\HeadersAlreadySentException))
#4 {main}
Previous exception:
yii\web\HeadersAlreadySentException: Headers already sent in /home/alexandr/Development/public_html/aio/controllers/GeneratorController.php on line 52. i" while reading upstream, client: 127.0.0.1, server: aio, request: "GET /generator HTTP/1.1", upstream: "fastcgi://unix:/var/run/php/php7.1-fpm.sock:", host: "aio", referrer: "http://aio/post/"
2018/04/29 22:28:46 [error] 585#585: *1 FastCGI sent in stderr: "PHP message: An Error occurred while handling another error:
yii\web\HeadersAlreadySentException: Headers already sent in /home/alexandr/Development/public_html/aio/controllers/GeneratorController.php on line 52. in /home/alexandr/Development/public_html/aio/vendor/yiisoft/yii2/web/Response.php:366
Stack trace:
#0 /home/alexandr/Development/public_html/aio/vendor/yiisoft/yii2/web/Response.php(339): yii\web\Response->sendHeaders()
#1 /home/alexandr/Development/public_html/aio/vendor/yiisoft/yii2/web/ErrorHandler.php(135): yii\web\Response->send()
#2 /home/alexandr/Development/public_html/aio/vendor/yiisoft/yii2/base/ErrorHandler.php(111): yii\web\ErrorHandler->renderException(Object(yii\web\HeadersAlreadySentException))
#3 [internal fu" while reading upstream, client: 127.0.0.1, server: aio, request: "GET /generator HTTP/1.1", upstream: "fastcgi://unix:/var/run/php/php7.1-fpm.sock:", host: "aio", referrer: "http://aio/post/"
2018/04/29 22:28:46 [error] 585#585: *1 FastCGI sent in stderr: "nction]: yii\base\ErrorHandler->handleException(Object(yii\web\HeadersAlreadySentException))
#4 {main}
Previous exception:
yii\web\HeadersAlreadySentException: Headers already sent in /home/alexandr/Development/public_html/aio/controllers/GeneratorController.php on line 52. i" while reading upstream, client: 127.0.0.1, server: aio, request: "GET /generator HTTP/1.1", upstream: "fastcgi://unix:/var/run/php/php7.1-fpm.sock:", host: "aio", referrer: "http://aio/post/"
2018/04/29 22:42:22 [error] 585#585: *3 FastCGI sent in stderr: "PHP message: An Error occurred while handling another error:
yii\web\HeadersAlreadySentException: Headers already sent in /home/alexandr/Development/public_html/aio/controllers/GeneratorController.php on line 52. in /home/alexandr/Development/public_html/aio/vendor/yiisoft/yii2/web/Response.php:366
Stack trace:
#0 /home/alexandr/Development/public_html/aio/vendor/yiisoft/yii2/web/Response.php(339): yii\web\Response->sendHeaders()
#1 /home/alexandr/Development/public_html/aio/vendor/yiisoft/yii2/web/ErrorHandler.php(135): yii\web\Response->send()
#2 /home/alexandr/Development/public_html/aio/vendor/yiisoft/yii2/base/ErrorHandler.php(111): yii\web\ErrorHandler->renderException(Object(yii\web\HeadersAlreadySentException))
#3 [internal function]: yii\base\ErrorHandler->handleException(Object(yii\web\HeadersAlreadySentException))
#4 {main}
Previous exception:
yii\web\HeadersAlreadySentException: Headers already sent in /home/alexandr/Development/public_html/aio/controllers/GeneratorController.php on line 52. i" while reading upstream, client: 127.0.0.1, server: aio, request: "GET /generator HTTP/1.1", upstream: "fastcgi://unix:/var/run/php/php7.1-fpm.sock:", host: "aio", referrer: "http://aio/post/"
2018/04/29 22:42:54 [error] 585#585: *3 FastCGI sent in stderr: "PHP message: An Error occurred while handling another error:
yii\web\HeadersAlreadySentException: Headers already sent in /home/alexandr/Development/public_html/aio/controllers/GeneratorController.php on line 52. in /home/alexandr/Development/public_html/aio/vendor/yiisoft/yii2/web/Response.php:366
Stack trace:
#0 /home/alexandr/Development/public_html/aio/vendor/yiisoft/yii2/web/Response.php(339): yii\web\Response->sendHeaders()
#1 /home/alexandr/Development/public_html/aio/vendor/yiisoft/yii2/web/ErrorHandler.php(135): yii\web\Response->send()
#2 /home/alexandr/Development/public_html/aio/vendor/yiisoft/yii2/base/ErrorHandler.php(111): yii\web\ErrorHandler->renderException(Object(yii\web\HeadersAlreadySentException))
#3 [internal function]: yii\base\ErrorHandler->handleException(Object(yii\web\HeadersAlreadySentException))
#4 {main}
Previous exception:
yii\web\HeadersAlreadySentException: Headers already sent in /home/alexandr/Development/public_html/aio/controllers/GeneratorController.php on line 52. i" while reading upstream, client: 127.0.0.1, server: aio, request: "GET /generator HTTP/1.1", upstream: "fastcgi://unix:/var/run/php/php7.1-fpm.sock:", host: "aio", referrer: "http://aio/post/"
2018/04/29 22:43:01 [error] 585#585: *3 FastCGI sent in stderr: "PHP message: An Error occurred while handling another error:
yii\web\HeadersAlreadySentException: Headers already sent in /home/alexandr/Development/public_html/aio/controllers/GeneratorController.php on line 52. in /home/alexandr/Development/public_html/aio/vendor/yiisoft/yii2/web/Response.php:366
Stack trace:
#0 /home/alexandr/Development/public_html/aio/vendor/yiisoft/yii2/web/Response.php(339): yii\web\Response->sendHeaders()
#1 /home/alexandr/Development/public_html/aio/vendor/yiisoft/yii2/web/ErrorHandler.php(135): yii\web\Response->send()
#2 /home/alexand" while reading upstream, client: 127.0.0.1, server: aio, request: "GET /generator HTTP/1.1", upstream: "fastcgi://unix:/var/run/php/php7.1-fpm.sock:", host: "aio", referrer: "http://aio/post/"
2018/04/29 22:43:01 [error] 585#585: *3 FastCGI sent in stderr: "r/Development/public_html/aio/vendor/yiisoft/yii2/base/ErrorHandler.php(111): yii\web\ErrorHandler->renderException(Object(yii\web\HeadersAlreadySentException))
#3 [internal function]: yii\base\ErrorHandler->handleException(Object(yii\web\HeadersAlreadySentException))
#4 {main}
Previous exception:
yii\web\HeadersAlreadySentException: Headers already sent in /home/alexandr/Development/public_html/aio/controllers/GeneratorController.php on line 52. i" while reading upstream, client: 127.0.0.1, server: aio, request: "GET /generator HTTP/1.1", upstream: "fastcgi://unix:/var/run/php/php7.1-fpm.sock:", host: "aio", referrer: "http://aio/post/"
2018/04/29 23:14:39 [error] 585#585: *82 FastCGI sent in stderr: "PHP message: An Error occurred while handling another error:
yii\web\HeadersAlreadySentException: Headers already sent in /home/alexandr/Development/public_html/aio/controllers/GeneratorController.php on line 57. in /home/alexandr/Development/public_html/aio/vendor/yiisoft/yii2/web/Response.php:366
Stack trace:
#0 /home/alexandr/Development/public_html/aio/vendor/yiisoft/yii2/web/Response.php(339): yii\web\Response->sendHeaders()
#1 /home/alexandr/Development/public_html/aio/vendor/yiisoft/yii2/web/ErrorHandler.php(135): yii\web\Response->send()
#2 /home/alexandr/Development/public_html/aio/vendor/yiisoft/yii2/base/ErrorHandler.php(111): yii\web\ErrorHandler->renderException(Object(yii\web\HeadersAlreadySentException))
#3 [internal function]: yii\base\ErrorHandler->handleException(Object(yii\web\HeadersAlreadySentException))
#4 {main}
Previous exception:
yii\web\HeadersAlreadySentException: Headers already sent in /home/alexandr/Development/public_html/aio/controllers/GeneratorController.php on line 57. i" while reading upstream, client: 127.0.0.1, server: aio, request: "GET /generator HTTP/1.1", upstream: "fastcgi://unix:/var/run/php/php7.1-fpm.sock:", host: "aio", referrer: "http://aio/post"
2018/04/29 23:14:43 [error] 585#585: *82 FastCGI sent in stderr: "PHP message: An Error occurred while handling another error:
yii\web\HeadersAlreadySentException: Headers already sent in /home/alexandr/Development/public_html/aio/controllers/GeneratorController.php on line 57. in /home/alexandr/Development/public_html/aio/vendor/yiisoft/yii2/web/Response.php:366
Stack trace:
#0 /home/alexandr/Development/public_html/aio/vendor/yiisoft/yii2/web/Response.php(339): yii\web\Response->sendHeaders()
#1 /home/alexandr/Development/public_html/aio/vendor/yiisoft/yii2/web/ErrorHandler.php(135): yii\web\Response->send()
#2 /home/alexandr/Development/public_html/aio/vendor/yiisoft/yii2/base/ErrorHandler.php(111): yii\web\ErrorHandler->renderException(Object(yii\web\HeadersAlreadySentException))
#3 [internal function]: yii\base\ErrorHandler->handleException(Object(yii\web\HeadersAlreadySentException))
#4 {main}
Previous exception:
yii\web\HeadersAlreadySentException: Headers already sent in /home/alexandr/Development/public_html/aio/controllers/GeneratorController.php on line 57. i" while reading upstream, client: 127.0.0.1, server: aio, request: "GET /generator HTTP/1.1", upstream: "fastcgi://unix:/var/run/php/php7.1-fpm.sock:", host: "aio", referrer: "http://aio/post"
2018/04/29 23:16:32 [error] 585#585: *85 FastCGI sent in stderr: "PHP message: An Error occurred while handling another error:
yii\web\HeadersAlreadySentException: Headers already sent in /home/alexandr/Development/public_html/aio/controllers/GeneratorController.php on line 64. in /home/alexandr/Development/public_html/aio/vendor/yiisoft/yii2/web/Response.php:366
Stack trace:
#0 /home/alexandr/Development/public_html/aio/vendor/yiisoft/yii2/web/Response.php(339): yii\web\Response->sendHeaders()
#1 /home/alexandr/Development/public_html/aio/vendor/yiisoft/yii2/web/ErrorHandler.php(135): yii\web\Response->send()
#2 /home/alexandr/Development/public_html/aio/vendor/yiisoft/yii2/base/ErrorHandler.php(111): yii\web\ErrorHandler->renderException(Object(yii\web\HeadersAlreadySentException))
#3 [internal function]: yii\base\ErrorH" while reading upstream, client: 127.0.0.1, server: aio, request: "GET /generator HTTP/1.1", upstream: "fastcgi://unix:/var/run/php/php7.1-fpm.sock:", host: "aio", referrer: "http://aio/post"
2018/04/29 23:16:32 [error] 585#585: *85 FastCGI sent in stderr: "andler->handleException(Object(yii\web\HeadersAlreadySentException))
#4 {main}
Previous exception:
yii\web\HeadersAlreadySentException: Headers already sent in /home/alexandr/Development/public_html/aio/controllers/GeneratorController.php on line 64. i" while reading upstream, client: 127.0.0.1, server: aio, request: "GET /generator HTTP/1.1", upstream: "fastcgi://unix:/var/run/php/php7.1-fpm.sock:", host: "aio", referrer: "http://aio/post"
2018/04/29 23:33:24 [error] 585#585: *87 FastCGI sent in stderr: "PHP message: An Error occurred while handling another error:
yii\web\HeadersAlreadySentException: Headers already sent in /home/alexandr/Development/public_html/aio/controllers/GeneratorController.php on line 64. in /home/alexandr/Development/public_html/aio/vendor/yiisoft/yii2/web/Response.php:366
Stack trace:
#0 /home/alexandr/Development/public_html/aio/vendor/yiisoft/yii2/web/Response.php(339): yii\web\Response->sendHeaders()
#1 /home/alexandr/Development/public_html/aio/vendor/yiisoft/yii2/web/ErrorHandler.php(135): yii\web\Response->send()
#2 /home/alexandr/Development/public_html/aio/vendor/yiisoft/yii2/base/ErrorHandler.php(111): yii\web\ErrorHandler->renderException(Object(yii\web\HeadersAlreadySentException))
#3 [int" while reading upstream, client: 127.0.0.1, server: aio, request: "GET /generator HTTP/1.1", upstream: "fastcgi://unix:/var/run/php/php7.1-fpm.sock:", host: "aio", referrer: "http://aio/post"
2018/04/29 23:33:24 [error] 585#585: *87 FastCGI sent in stderr: "ernal function]: yii\base\ErrorHandler->handleException(Object(yii\web\HeadersAlreadySentException))
#4 {main}
Previous exception:
yii\web\HeadersAlreadySentException: Headers already sent in /home/alexandr/Development/public_html/aio/controllers/GeneratorController.php on line 64. i" while reading upstream, client: 127.0.0.1, server: aio, request: "GET /generator HTTP/1.1", upstream: "fastcgi://unix:/var/run/php/php7.1-fpm.sock:", host: "aio", referrer: "http://aio/post"
